<?xml version="1.0" encoding="utf-8"?><testsuites name="pytest tests"><testsuite name="pytest" errors="0" failures="0" skipped="0" tests="22" time="6.586" timestamp="2026-01-17T22:23:35.962863+00:00" hostname="agent-env-6497f480-ec70-49cf-b71a-efa36029e115"><testcase classname="tests.test_new_features.TestPasswordResetFlow" name="test_forgot_password_valid_email" time="0.056" /><testcase classname="tests.test_new_features.TestPasswordResetFlow" name="test_forgot_password_invalid_email" time="0.038" /><testcase classname="tests.test_new_features.TestPasswordResetFlow" name="test_verify_reset_code_invalid" time="0.040" /><testcase classname="tests.test_new_features.TestPasswordResetFlow" name="test_full_password_reset_flow" time="0.636" /><testcase classname="tests.test_new_features.TestUserProfileManagement" name="test_get_profile_unauthorized" time="0.041" /><testcase classname="tests.test_new_features.TestUserProfileManagement" name="test_update_profile_name" time="0.344" /><testcase classname="tests.test_new_features.TestUserProfileManagement" name="test_update_profile_email_already_taken" time="0.343" /><testcase classname="tests.test_new_features.TestUserProfileManagement" name="test_change_password_wrong_current" time="0.525" /><testcase classname="tests.test_new_features.TestUserProfileManagement" name="test_change_password_success" time="1.944" /><testcase classname="tests.test_new_features.TestBidHistory" name="test_get_bid_history_unauthorized" time="0.037" /><testcase classname="tests.test_new_features.TestBidHistory" name="test_get_bid_history" time="0.303" /><testcase classname="tests.test_new_features.TestPurchases" name="test_get_purchases_unauthorized" time="0.038" /><testcase classname="tests.test_new_features.TestPurchases" name="test_get_purchases" time="0.337" /><testcase classname="tests.test_new_features.TestAdminPayments" name="test_get_payments_unauthorized" time="0.032" /><testcase classname="tests.test_new_features.TestAdminPayments" name="test_get_payments_non_admin" time="0.303" /><testcase classname="tests.test_new_features.TestAdminPayments" name="test_get_payments_admin" time="0.308" /><testcase classname="tests.test_new_features.TestAdminLogs" name="test_get_logs_unauthorized" time="0.035" /><testcase classname="tests.test_new_features.TestAdminLogs" name="test_get_logs_non_admin" time="0.299" /><testcase classname="tests.test_new_features.TestAdminLogs" name="test_get_logs_admin" time="0.303" /><testcase classname="tests.test_new_features.TestAuthEndpoints" name="test_admin_login" time="0.266" /><testcase classname="tests.test_new_features.TestAuthEndpoints" name="test_customer_login" time="0.261" /><testcase classname="tests.test_new_features.TestAuthEndpoints" name="test_invalid_login" time="0.036" /></testsuite></testsuites>