<?xml version="1.0" encoding="utf-8"?><testsuites name="pytest tests"><testsuite name="pytest" errors="0" failures="0" skipped="0" tests="22" time="33.206" timestamp="2026-02-02T15:58:04.715586+00:00" hostname="agent-env-cae35154-016c-4172-a7a7-d185ea9f289b"><testcase classname="backend.tests.test_new_features_batch.TestLastChanceAPI" name="test_ending_soon_returns_brackets" time="0.288" /><testcase classname="backend.tests.test_new_features_batch.TestLastChanceAPI" name="test_ending_soon_auction_structure" time="0.250" /><testcase classname="backend.tests.test_new_features_batch.TestLastChanceAPI" name="test_hot_auctions_endpoint" time="0.088" /><testcase classname="backend.tests.test_new_features_batch.TestLastChanceAPI" name="test_auctions_with_minutes_param" time="19.641" /><testcase classname="backend.tests.test_new_features_batch.TestFriendBattleAPI" name="test_battle_types_public" time="0.062" /><testcase classname="backend.tests.test_new_features_batch.TestFriendBattleAPI" name="test_battle_types_include_expected" time="0.075" /><testcase classname="backend.tests.test_new_features_batch.TestFriendBattleAPI" name="test_leaderboard_public" time="0.034" /><testcase classname="backend.tests.test_new_features_batch.TestFriendBattleAPI" name="test_my_battles_requires_auth" time="0.338" /><testcase classname="backend.tests.test_new_features_batch.TestFriendBattleAPI" name="test_challenge_requires_auth" time="0.036" /><testcase classname="backend.tests.test_new_features_batch.TestReviewsAPI" name="test_public_reviews" time="0.035" /><testcase classname="backend.tests.test_new_features_batch.TestReviewsAPI" name="test_public_reviews_with_pagination" time="0.037" /><testcase classname="backend.tests.test_new_features_batch.TestReviewsAPI" name="test_my_pending_requires_auth" time="11.294" /><testcase classname="backend.tests.test_new_features_batch.TestReviewsAPI" name="test_create_review_requires_auth" time="0.087" /><testcase classname="backend.tests.test_new_features_batch.TestBundlesAPI" name="test_available_bundles_requires_auth" time="0.074" /><testcase classname="backend.tests.test_new_features_batch.TestBundlesAPI" name="test_bundle_structure" time="0.039" /><testcase classname="backend.tests.test_new_features_batch.TestBundlesAPI" name="test_bundle_ids_exist" time="0.040" /><testcase classname="backend.tests.test_new_features_batch.TestBundlesAPI" name="test_purchase_bundle_requires_auth" time="0.035" /><testcase classname="backend.tests.test_new_features_batch.TestLoginSocialButtons" name="test_google_auth_endpoint_exists" time="0.034" /><testcase classname="backend.tests.test_new_features_batch.TestLoginSocialButtons" name="test_google_auth_requires_session_id" time="0.033" /><testcase classname="backend.tests.test_new_features_batch.TestHealthAndBasics" name="test_health_endpoint" time="0.036" /><testcase classname="backend.tests.test_new_features_batch.TestHealthAndBasics" name="test_customer_login" time="0.260" /><testcase classname="backend.tests.test_new_features_batch.TestHealthAndBasics" name="test_admin_login" time="0.299" /></testsuite></testsuites>