<?xml version="1.0" encoding="utf-8"?><testsuites name="pytest tests"><testsuite name="pytest" errors="0" failures="0" skipped="0" tests="13" time="3.055" timestamp="2026-01-17T23:23:56.439394+00:00" hostname="agent-env-fc6a04a0-0c1c-45ff-99a9-b4159f001185"><testcase classname="tests.test_websocket_realtime.TestWebSocketConnection" name="test_websocket_single_auction_connection" time="0.062" /><testcase classname="tests.test_websocket_realtime.TestWebSocketConnection" name="test_websocket_all_auctions_connection" time="0.043" /><testcase classname="tests.test_websocket_realtime.TestWebSocketConnection" name="test_websocket_ping_pong" time="0.541" /><testcase classname="tests.test_websocket_realtime.TestBidPlacementREST" name="test_bid_placement_returns_correct_data" time="0.386" /><testcase classname="tests.test_websocket_realtime.TestBidPlacementREST" name="test_auction_state_updates_after_bid" time="0.413" /><testcase classname="tests.test_websocket_realtime.TestWebSocketBidBroadcast" name="test_bid_broadcast_to_single_auction_ws" time="0.837" /><testcase classname="tests.test_websocket_realtime.TestAuctionEndpoints" name="test_get_all_auctions" time="0.044" /><testcase classname="tests.test_websocket_realtime.TestAuctionEndpoints" name="test_get_active_auctions" time="0.036" /><testcase classname="tests.test_websocket_realtime.TestAuctionEndpoints" name="test_get_single_auction" time="0.035" /><testcase classname="tests.test_websocket_realtime.TestAuctionEndpoints" name="test_auction_has_required_fields" time="0.035" /><testcase classname="tests.test_websocket_realtime.TestAuthenticationFlow" name="test_customer_login" time="0.257" /><testcase classname="tests.test_websocket_realtime.TestAuthenticationFlow" name="test_admin_login" time="0.259" /><testcase classname="tests.test_websocket_realtime.TestAuthenticationFlow" name="test_bid_requires_authentication" time="0.035" /></testsuite></testsuites>