<?xml version="1.0" encoding="utf-8"?><testsuites name="pytest tests"><testsuite name="pytest" errors="0" failures="2" skipped="0" tests="15" time="2.789" timestamp="2026-02-08T13:06:50.894548+00:00" hostname="agent-env-a8eab12d-5e21-4207-8358-2189de7d13cd"><testcase classname="backend.tests.test_b2b_wholesale_auth.TestB2BWholesaleAuth" name="test_b2b_login_success" time="0.301" /><testcase classname="backend.tests.test_b2b_wholesale_auth.TestB2BWholesaleAuth" name="test_b2b_login_wrong_password" time="0.258" /><testcase classname="backend.tests.test_b2b_wholesale_auth.TestB2BWholesaleAuth" name="test_b2b_login_nonexistent_email" time="0.037" /><testcase classname="backend.tests.test_b2b_wholesale_auth.TestB2BWholesaleAuth" name="test_b2b_profile_with_valid_token" time="0.296" /><testcase classname="backend.tests.test_b2b_wholesale_auth.TestB2BWholesaleAuth" name="test_b2b_profile_without_token" time="0.038" /><testcase classname="backend.tests.test_b2b_wholesale_auth.TestB2BWholesaleAuth" name="test_b2b_profile_with_invalid_token" time="0.033" /><testcase classname="backend.tests.test_b2b_wholesale_auth.TestB2BWholesaleAuth" name="test_b2b_pricing_endpoint" time="0.338" /><testcase classname="backend.tests.test_b2b_wholesale_auth.TestB2BWholesaleAuth" name="test_b2b_orders_endpoint" time="0.288" /><testcase classname="backend.tests.test_b2b_wholesale_auth.TestB2BRegistration" name="test_b2b_registration_new_customer" time="0.035"><failure message="AssertionError: Expected 200, got 400: {&quot;detail&quot;:&quot;Passwort ist zu schwach. Bitte wählen Sie ein sichereres Passwort&quot;}&#10;assert 400 == 200&#10; +  where 400 = &lt;Response [400]&gt;.status_code">backend/tests/test_b2b_wholesale_auth.py:233: in test_b2b_registration_new_customer
    assert response.status_code == 200, f"Expected 200, got {response.status_code}: {response.text}"
E   AssertionError: Expected 200, got 400: {"detail":"Passwort ist zu schwach. Bitte wählen Sie ein sichereres Passwort"}
E   assert 400 == 200
E    +  where 400 = &lt;Response [400]&gt;.status_code</failure></testcase><testcase classname="backend.tests.test_b2b_wholesale_auth.TestB2BRegistration" name="test_b2b_registration_duplicate_email" time="0.035" /><testcase classname="backend.tests.test_b2b_wholesale_auth.TestB2BRegistration" name="test_b2b_registration_weak_password" time="0.035" /><testcase classname="backend.tests.test_b2b_wholesale_auth.TestB2BRegistration" name="test_b2b_registration_pending_cannot_login" time="0.033"><failure message="assert 400 == 200&#10; +  where 400 = &lt;Response [400]&gt;.status_code">backend/tests/test_b2b_wholesale_auth.py:298: in test_b2b_registration_pending_cannot_login
    assert reg_response.status_code == 200
E   assert 400 == 200
E    +  where 400 = &lt;Response [400]&gt;.status_code</failure></testcase><testcase classname="backend.tests.test_b2b_wholesale_auth.TestAdminWholesaleApproval" name="test_admin_get_wholesale_applications" time="0.294" /><testcase classname="backend.tests.test_b2b_wholesale_auth.TestAdminWholesaleApproval" name="test_admin_get_wholesale_customers" time="0.300" /><testcase classname="backend.tests.test_b2b_wholesale_auth.TestB2BDashboardFlow" name="test_full_b2b_login_and_dashboard_flow" time="0.368" /></testsuite></testsuites>