<?xml version="1.0" encoding="utf-8"?><testsuites name="pytest tests"><testsuite name="pytest" errors="0" failures="1" skipped="0" tests="11" time="1.866" timestamp="2026-02-09T08:06:03.347614+00:00" hostname="agent-env-e6f798e0-5f1a-4ea4-9d9b-690eb900ec06"><testcase classname="backend.tests.test_mobile_app_apis.TestAuthAPI" name="test_login_success" time="0.317" /><testcase classname="backend.tests.test_mobile_app_apis.TestAuthAPI" name="test_login_invalid_credentials" time="0.041" /><testcase classname="backend.tests.test_mobile_app_apis.TestAuthAPI" name="test_login_missing_fields" time="0.042" /><testcase classname="backend.tests.test_mobile_app_apis.TestAuthAPI" name="test_get_profile" time="0.307" /><testcase classname="backend.tests.test_mobile_app_apis.TestAuthAPI" name="test_get_profile_unauthorized" time="0.043" /><testcase classname="backend.tests.test_mobile_app_apis.TestAuctionsAPI" name="test_get_auctions_list" time="0.069" /><testcase classname="backend.tests.test_mobile_app_apis.TestAuctionsAPI" name="test_get_auctions_with_filters" time="0.143" /><testcase classname="backend.tests.test_mobile_app_apis.TestAuctionsAPI" name="test_get_single_auction" time="0.111" /><testcase classname="backend.tests.test_mobile_app_apis.TestJackpotAPI" name="test_get_jackpot_status" time="0.081"><failure message="AssertionError: Jackpot fetch failed: {&quot;detail&quot;:&quot;Not Found&quot;}&#10;assert 404 == 200&#10; +  where 404 = &lt;Response [404]&gt;.status_code">backend/tests/test_mobile_app_apis.py:181: in test_get_jackpot_status
    assert response.status_code == 200, f"Jackpot fetch failed: {response.text}"
E   AssertionError: Jackpot fetch failed: {"detail":"Not Found"}
E   assert 404 == 200
E    +  where 404 = &lt;Response [404]&gt;.status_code</failure></testcase><testcase classname="backend.tests.test_mobile_app_apis.TestUserStatsAPI" name="test_get_user_stats" time="0.312" /><testcase classname="backend.tests.test_mobile_app_apis.TestDailyRewardAPI" name="test_get_daily_reward_status" time="0.302" /></testsuite></testsuites>