<?xml version="1.0" encoding="utf-8"?><testsuites name="pytest tests"><testsuite name="pytest" errors="0" failures="2" skipped="0" tests="10" time="1.901" timestamp="2026-02-08T10:50:15.816055+00:00" hostname="agent-env-a8eab12d-5e21-4207-8358-2189de7d13cd"><testcase classname="backend.tests.test_maintenance_referral.TestMaintenanceAPI" name="test_maintenance_status_public" time="0.072" /><testcase classname="backend.tests.test_maintenance_referral.TestMaintenanceAPI" name="test_maintenance_admin_status_requires_auth" time="0.038" /><testcase classname="backend.tests.test_maintenance_referral.TestMaintenanceAPI" name="test_maintenance_admin_status_with_auth" time="0.301" /><testcase classname="backend.tests.test_maintenance_referral.TestMaintenanceAPI" name="test_maintenance_toggle_requires_auth" time="0.032" /><testcase classname="backend.tests.test_maintenance_referral.TestMaintenanceAPI" name="test_maintenance_toggle_enable" time="0.330" /><testcase classname="backend.tests.test_maintenance_referral.TestMaintenanceAPI" name="test_maintenance_toggle_disable" time="0.378" /><testcase classname="backend.tests.test_maintenance_referral.TestReferralAPI" name="test_referral_stats_requires_auth" time="0.036"><failure message="AssertionError: Expected 401 without auth, got 404&#10;assert 404 == 401&#10; +  where 404 = &lt;Response [404]&gt;.status_code">backend/tests/test_maintenance_referral.py:178: in test_referral_stats_requires_auth
    assert response.status_code == 401, f"Expected 401 without auth, got {response.status_code}"
E   AssertionError: Expected 401 without auth, got 404
E   assert 404 == 401
E    +  where 404 = &lt;Response [404]&gt;.status_code</failure></testcase><testcase classname="backend.tests.test_maintenance_referral.TestReferralAPI" name="test_referral_stats_with_auth" time="0.291"><failure message="AssertionError: Expected 200, got 404&#10;assert 404 == 200&#10; +  where 404 = &lt;Response [404]&gt;.status_code">backend/tests/test_maintenance_referral.py:192: in test_referral_stats_with_auth
    assert response.status_code == 200, f"Expected 200, got {response.status_code}"
E   AssertionError: Expected 200, got 404
E   assert 404 == 200
E    +  where 404 = &lt;Response [404]&gt;.status_code</failure></testcase><testcase classname="backend.tests.test_maintenance_referral.TestInfluencerAPI" name="test_influencer_list_requires_auth" time="0.033" /><testcase classname="backend.tests.test_maintenance_referral.TestInfluencerAPI" name="test_influencer_list_with_auth" time="0.297" /></testsuite></testsuites>