<?xml version="1.0" encoding="utf-8"?><testsuites name="pytest tests"><testsuite name="pytest" errors="0" failures="0" skipped="0" tests="32" time="25.256" timestamp="2026-02-18T23:03:03.244609+00:00" hostname="agent-env-a2eb7434-8c09-4297-b46e-8c8207ecbb8c"><testcase classname="backend.tests.test_extended_analytics_features.TestExtendedAnalytics" name="test_extended_analytics_default_week" time="2.336" /><testcase classname="backend.tests.test_extended_analytics_features.TestExtendedAnalytics" name="test_extended_analytics_hour_period" time="1.203" /><testcase classname="backend.tests.test_extended_analytics_features.TestExtendedAnalytics" name="test_extended_analytics_day_period" time="1.266" /><testcase classname="backend.tests.test_extended_analytics_features.TestExtendedAnalytics" name="test_extended_analytics_month_period" time="1.262" /><testcase classname="backend.tests.test_extended_analytics_features.TestExtendedAnalytics" name="test_extended_analytics_year_period" time="1.223" /><testcase classname="backend.tests.test_extended_analytics_features.TestExtendedAnalytics" name="test_extended_analytics_with_comparison" time="1.880" /><testcase classname="backend.tests.test_extended_analytics_features.TestExtendedAnalytics" name="test_extended_analytics_without_comparison" time="1.242" /><testcase classname="backend.tests.test_extended_analytics_features.TestExtendedAnalytics" name="test_extended_analytics_requires_admin" time="0.131" /><testcase classname="backend.tests.test_extended_analytics_features.TestAnalyticsExport" name="test_analytics_export_csv_default" time="1.300" /><testcase classname="backend.tests.test_extended_analytics_features.TestAnalyticsExport" name="test_analytics_export_csv_week" time="0.409" /><testcase classname="backend.tests.test_extended_analytics_features.TestAnalyticsExport" name="test_analytics_export_csv_year" time="0.418" /><testcase classname="backend.tests.test_extended_analytics_features.TestAnalyticsExport" name="test_analytics_export_json" time="0.401" /><testcase classname="backend.tests.test_extended_analytics_features.TestAnalyticsExport" name="test_analytics_export_requires_admin" time="0.247" /><testcase classname="backend.tests.test_extended_analytics_features.TestTransactionHistory" name="test_transaction_history_default" time="1.453" /><testcase classname="backend.tests.test_extended_analytics_features.TestTransactionHistory" name="test_transaction_history_pagination" time="0.606" /><testcase classname="backend.tests.test_extended_analytics_features.TestTransactionHistory" name="test_transaction_history_type_filter_deposit" time="0.633" /><testcase classname="backend.tests.test_extended_analytics_features.TestTransactionHistory" name="test_transaction_history_type_filter_cashback" time="0.696" /><testcase classname="backend.tests.test_extended_analytics_features.TestTransactionHistory" name="test_transaction_history_type_filter_transfer" time="0.670" /><testcase classname="backend.tests.test_extended_analytics_features.TestTransactionHistory" name="test_transaction_history_date_filter" time="0.659" /><testcase classname="backend.tests.test_extended_analytics_features.TestTransactionHistory" name="test_transaction_history_amount_filter" time="0.733" /><testcase classname="backend.tests.test_extended_analytics_features.TestTransactionHistory" name="test_transaction_history_search" time="0.701" /><testcase classname="backend.tests.test_extended_analytics_features.TestTransactionHistory" name="test_transaction_history_requires_auth" time="0.188" /><testcase classname="backend.tests.test_extended_analytics_features.TestExportTransactions" name="test_export_transactions_csv_default" time="1.255" /><testcase classname="backend.tests.test_extended_analytics_features.TestExportTransactions" name="test_export_transactions_with_type_filter" time="0.386" /><testcase classname="backend.tests.test_extended_analytics_features.TestExportTransactions" name="test_export_transactions_with_date_filter" time="0.391" /><testcase classname="backend.tests.test_extended_analytics_features.TestExportTransactions" name="test_export_transactions_json" time="0.412" /><testcase classname="backend.tests.test_extended_analytics_features.TestExportTransactions" name="test_export_transactions_requires_auth" time="0.134" /><testcase classname="backend.tests.test_extended_analytics_features.TestPartnerMap" name="test_partner_map_endpoint" time="1.264" /><testcase classname="backend.tests.test_extended_analytics_features.TestPartnerMap" name="test_partner_map_has_coordinates" time="0.398" /><testcase classname="backend.tests.test_extended_analytics_features.TestPartnerMap" name="test_partner_map_cashback_rates" time="0.416" /><testcase classname="backend.tests.test_extended_analytics_features.TestPartnerMap" name="test_partner_map_is_public" time="0.415" /><testcase classname="backend.tests.test_extended_analytics_features.TestPartnerMap" name="test_partner_map_premium_flag" time="0.413" /></testsuite></testsuites>