<?xml version="1.0" encoding="utf-8"?><testsuites name="pytest tests"><testsuite name="pytest" errors="0" failures="0" skipped="0" tests="17" time="2.897" timestamp="2026-02-05T09:19:37.581527+00:00" hostname="agent-env-974e422b-e0b4-4afc-9b06-586a92ae83ea"><testcase classname="backend.tests.test_new_features_v5.TestHealthAndBasics" name="test_health_endpoint" time="0.057" /><testcase classname="backend.tests.test_new_features_v5.TestHealthAndBasics" name="test_main_page_loads" time="0.036" /><testcase classname="backend.tests.test_new_features_v5.TestTeamAuctions" name="test_list_teams_public" time="0.040" /><testcase classname="backend.tests.test_new_features_v5.TestAuctionReplay" name="test_recent_replays" time="0.037" /><testcase classname="backend.tests.test_new_features_v5.TestAuctionReplay" name="test_best_times" time="0.036" /><testcase classname="backend.tests.test_new_features_v5.TestAuthenticatedEndpoints" name="test_beginner_guarantee_eligibility" time="0.304" /><testcase classname="backend.tests.test_new_features_v5.TestAuthenticatedEndpoints" name="test_beginner_guarantee_my_guarantees" time="0.301" /><testcase classname="backend.tests.test_new_features_v5.TestAuthenticatedEndpoints" name="test_whatsapp_status" time="0.297" /><testcase classname="backend.tests.test_new_features_v5.TestAuthenticatedEndpoints" name="test_countdown_emails_subscriptions" time="0.298" /><testcase classname="backend.tests.test_new_features_v5.TestAuthenticatedEndpoints" name="test_user_stats_overview" time="0.309" /><testcase classname="backend.tests.test_new_features_v5.TestAuthenticatedEndpoints" name="test_user_stats_achievements" time="0.349" /><testcase classname="backend.tests.test_new_features_v5.TestAuthenticatedEndpoints" name="test_team_my_team" time="0.295" /><testcase classname="backend.tests.test_new_features_v5.TestDealRadar" name="test_bargains_endpoint" time="0.042" /><testcase classname="backend.tests.test_new_features_v5.TestDealRadar" name="test_low_activity_endpoint" time="0.037" /><testcase classname="backend.tests.test_new_features_v5.TestWinners" name="test_winners_endpoint" time="0.042" /><testcase classname="backend.tests.test_new_features_v5.TestAuctions" name="test_auctions_list" time="0.178" /><testcase classname="backend.tests.test_new_features_v5.TestAuctions" name="test_auction_has_timer_fields" time="0.173" /></testsuite></testsuites>