<?xml version="1.0" encoding="utf-8"?><testsuites name="pytest tests"><testsuite name="pytest" errors="0" failures="0" skipped="0" tests="21" time="25.147" timestamp="2026-02-18T06:01:35.314838+00:00" hostname="agent-env-05b25b5b-7bed-461c-9c29-b7b99878be52"><testcase classname="backend.tests.test_admin_wallet_topup.TestAdminWalletTopup" name="test_stats_endpoint_exists" time="1.549" /><testcase classname="backend.tests.test_admin_wallet_topup.TestAdminWalletTopup" name="test_stats_returns_required_fields" time="1.441" /><testcase classname="backend.tests.test_admin_wallet_topup.TestAdminWalletTopup" name="test_stats_structure" time="1.442" /><testcase classname="backend.tests.test_admin_wallet_topup.TestAdminWalletTopup" name="test_stats_requires_auth" time="0.121" /><testcase classname="backend.tests.test_admin_wallet_topup.TestAdminWalletTopup" name="test_search_endpoint_exists" time="1.271" /><testcase classname="backend.tests.test_admin_wallet_topup.TestAdminWalletTopup" name="test_search_returns_users_array" time="1.266" /><testcase classname="backend.tests.test_admin_wallet_topup.TestAdminWalletTopup" name="test_search_user_structure" time="1.171" /><testcase classname="backend.tests.test_admin_wallet_topup.TestAdminWalletTopup" name="test_search_requires_query" time="1.070" /><testcase classname="backend.tests.test_admin_wallet_topup.TestAdminWalletTopup" name="test_search_requires_auth" time="0.116" /><testcase classname="backend.tests.test_admin_wallet_topup.TestAdminWalletTopup" name="test_topup_endpoint_exists" time="1.677" /><testcase classname="backend.tests.test_admin_wallet_topup.TestAdminWalletTopup" name="test_topup_validates_minimum_amount" time="1.077" /><testcase classname="backend.tests.test_admin_wallet_topup.TestAdminWalletTopup" name="test_topup_validates_maximum_amount" time="1.080" /><testcase classname="backend.tests.test_admin_wallet_topup.TestAdminWalletTopup" name="test_topup_requires_user_id" time="1.058" /><testcase classname="backend.tests.test_admin_wallet_topup.TestAdminWalletTopup" name="test_topup_requires_amount" time="1.046" /><testcase classname="backend.tests.test_admin_wallet_topup.TestAdminWalletTopup" name="test_topup_requires_auth" time="0.109" /><testcase classname="backend.tests.test_admin_wallet_topup.TestAdminWalletTopup" name="test_topup_returns_bonus_info" time="2.390" /><testcase classname="backend.tests.test_admin_wallet_topup.TestAdminWalletTopup" name="test_history_endpoint_exists" time="1.311" /><testcase classname="backend.tests.test_admin_wallet_topup.TestAdminWalletTopup" name="test_history_returns_paginated_data" time="1.303" /><testcase classname="backend.tests.test_admin_wallet_topup.TestAdminWalletTopup" name="test_history_pagination_params" time="1.335" /><testcase classname="backend.tests.test_admin_wallet_topup.TestAdminWalletTopup" name="test_history_requires_auth" time="0.101" /><testcase classname="backend.tests.test_admin_wallet_topup.TestAdminWalletTopupIntegration" name="test_full_topup_flow" time="3.134" /></testsuite></testsuites>