<?xml version="1.0" encoding="utf-8"?><testsuites name="pytest tests"><testsuite name="pytest" errors="0" failures="0" skipped="0" tests="18" time="1.801" timestamp="2026-02-02T12:56:22.413642+00:00" hostname="agent-env-a05e5ec8-6fd4-4e8e-af09-47d6cc0bb66c"><testcase classname="backend.tests.test_battle_pass_wheel.TestBattlePassAPI" name="test_battle_pass_current_requires_auth" time="0.084" /><testcase classname="backend.tests.test_battle_pass_wheel.TestBattlePassAPI" name="test_battle_pass_current_returns_season" time="0.321" /><testcase classname="backend.tests.test_battle_pass_wheel.TestBattlePassAPI" name="test_battle_pass_current_returns_user_progress" time="0.039" /><testcase classname="backend.tests.test_battle_pass_wheel.TestBattlePassAPI" name="test_battle_pass_current_returns_rewards" time="0.036" /><testcase classname="backend.tests.test_battle_pass_wheel.TestBattlePassAPI" name="test_battle_pass_current_returns_prices" time="0.040" /><testcase classname="backend.tests.test_battle_pass_wheel.TestBattlePassAPI" name="test_battle_pass_purchase_requires_auth" time="0.036" /><testcase classname="backend.tests.test_battle_pass_wheel.TestBattlePassAPI" name="test_battle_pass_purchase_returns_checkout_url" time="0.477" /><testcase classname="backend.tests.test_battle_pass_wheel.TestBattlePassAPI" name="test_battle_pass_claim_invalid_tier" time="0.044" /><testcase classname="backend.tests.test_battle_pass_wheel.TestBattlePassAPI" name="test_battle_pass_claim_unreached_tier" time="0.037" /><testcase classname="backend.tests.test_battle_pass_wheel.TestLuckyWheelAPI" name="test_wheel_prizes_public" time="0.039" /><testcase classname="backend.tests.test_battle_pass_wheel.TestLuckyWheelAPI" name="test_wheel_status_requires_auth" time="0.041" /><testcase classname="backend.tests.test_battle_pass_wheel.TestLuckyWheelAPI" name="test_wheel_status_returns_can_spin" time="0.035" /><testcase classname="backend.tests.test_battle_pass_wheel.TestLuckyWheelAPI" name="test_wheel_spin_requires_auth" time="0.035" /><testcase classname="backend.tests.test_battle_pass_wheel.TestLuckyWheelAPI" name="test_wheel_spin_returns_prize_or_cooldown" time="0.038" /><testcase classname="backend.tests.test_battle_pass_wheel.TestLuckyWheelAPI" name="test_wheel_history_requires_auth" time="0.039" /><testcase classname="backend.tests.test_battle_pass_wheel.TestLuckyWheelAPI" name="test_wheel_history_returns_spins" time="0.037" /><testcase classname="backend.tests.test_battle_pass_wheel.TestBattlePassAdmin" name="test_admin_stats_requires_admin" time="0.034" /><testcase classname="backend.tests.test_battle_pass_wheel.TestBattlePassAdmin" name="test_admin_stats_returns_data" time="0.301" /></testsuite></testsuites>