<?xml version="1.0" encoding="utf-8"?><testsuites name="pytest tests"><testsuite name="pytest" errors="0" failures="0" skipped="0" tests="12" time="6.236" timestamp="2026-02-20T11:00:20.196280+00:00" hostname="agent-env-bee72a3e-831c-47db-b491-3a0d2f483bc9"><testcase classname="backend.tests.test_enterprise_portal_features.TestEnterpriseAdminEndpoints" name="test_admin_list_enterprises" time="0.887" /><testcase classname="backend.tests.test_enterprise_portal_features.TestEnterpriseAdminEndpoints" name="test_admin_list_unauthorized" time="0.115" /><testcase classname="backend.tests.test_enterprise_portal_features.TestEnterpriseAdminEndpoints" name="test_admin_list_invalid_key" time="0.111" /><testcase classname="backend.tests.test_enterprise_portal_features.TestPayoutSettings" name="test_update_payout_settings_admin_mode" time="0.347" /><testcase classname="backend.tests.test_enterprise_portal_features.TestPayoutSettings" name="test_update_payout_settings_self_entry_mode" time="0.343" /><testcase classname="backend.tests.test_enterprise_portal_features.TestPayoutSettings" name="test_update_payout_settings_all_frequencies" time="1.341" /><testcase classname="backend.tests.test_enterprise_portal_features.TestPayoutSettings" name="test_update_payout_settings_invalid_iban" time="0.216" /><testcase classname="backend.tests.test_enterprise_portal_features.TestPayoutSettings" name="test_update_payout_settings_invalid_enterprise" time="0.243" /><testcase classname="backend.tests.test_enterprise_portal_features.TestPayoutSettings" name="test_get_payout_settings" time="0.222" /><testcase classname="backend.tests.test_enterprise_portal_features.TestEnterpriseLogin" name="test_enterprise_login" time="0.330" /><testcase classname="backend.tests.test_enterprise_portal_features.TestEnterpriseLogin" name="test_create_user_with_tax_advisor_role" time="0.879" /><testcase classname="backend.tests.test_enterprise_portal_features.TestVerifyPayoutSettingsInList" name="test_payout_settings_persist_in_list" time="1.123" /></testsuite></testsuites>