<?xml version="1.0" encoding="utf-8"?><testsuites name="pytest tests"><testsuite name="pytest" errors="0" failures="2" skipped="0" tests="20" time="3.429" timestamp="2026-01-23T13:13:03.322450+00:00" hostname="agent-env-7b04c4d0-cf8c-44b0-8d47-538fae73f660"><testcase classname="backend.tests.test_bidblitz_api.TestPublicEndpoints" name="test_health_check" time="0.098" /><testcase classname="backend.tests.test_bidblitz_api.TestPublicEndpoints" name="test_get_active_auctions" time="0.171" /><testcase classname="backend.tests.test_bidblitz_api.TestPublicEndpoints" name="test_get_products" time="0.046" /><testcase classname="backend.tests.test_bidblitz_api.TestPublicEndpoints" name="test_get_business_hours" time="0.037" /><testcase classname="backend.tests.test_bidblitz_api.TestPublicEndpoints" name="test_get_featured_auction" time="0.041" /><testcase classname="backend.tests.test_bidblitz_api.TestPublicEndpoints" name="test_get_auction_of_the_day" time="0.091" /><testcase classname="backend.tests.test_bidblitz_api.TestLegalPages" name="test_impressum_page" time="0.041" /><testcase classname="backend.tests.test_bidblitz_api.TestLegalPages" name="test_agb_page" time="0.042" /><testcase classname="backend.tests.test_bidblitz_api.TestLegalPages" name="test_datenschutz_page" time="0.040" /><testcase classname="backend.tests.test_bidblitz_api.TestAuthentication" name="test_login_with_valid_credentials" time="0.270" /><testcase classname="backend.tests.test_bidblitz_api.TestAuthentication" name="test_login_with_invalid_credentials" time="0.041" /><testcase classname="backend.tests.test_bidblitz_api.TestAuthentication" name="test_admin_login" time="0.262" /><testcase classname="backend.tests.test_bidblitz_api.TestAuthenticatedEndpoints" name="test_get_user_profile" time="0.304" /><testcase classname="backend.tests.test_bidblitz_api.TestAuthenticatedEndpoints" name="test_get_wishlist" time="0.302" /><testcase classname="backend.tests.test_bidblitz_api.TestAuthenticatedEndpoints" name="test_get_autobidders" time="0.306" /><testcase classname="backend.tests.test_bidblitz_api.TestAuthenticatedEndpoints" name="test_get_orders" time="0.298" /><testcase classname="backend.tests.test_bidblitz_api.TestBiddingFunctionality" name="test_place_bid" time="0.480"><failure message="assert 404 in [200, 400, 403]&#10; +  where 404 = &lt;Response [404]&gt;.status_code">backend/tests/test_bidblitz_api.py:214: in test_place_bid
    assert response.status_code in [200, 400, 403]
E   assert 404 in [200, 400, 403]
E    +  where 404 = &lt;Response [404]&gt;.status_code</failure></testcase><testcase classname="backend.tests.test_bidblitz_api.TestBiddingFunctionality" name="test_bid_without_auth" time="0.203"><failure message="assert 404 in [401, 403, 422]&#10; +  where 404 = &lt;Response [404]&gt;.status_code">backend/tests/test_bidblitz_api.py:225: in test_bid_without_auth
    assert response.status_code in [401, 403, 422]
E   assert 404 in [401, 403, 422]
E    +  where 404 = &lt;Response [404]&gt;.status_code</failure></testcase><testcase classname="backend.tests.test_bidblitz_api.TestAuctionDetails" name="test_get_auction_by_id" time="0.220" /><testcase classname="backend.tests.test_bidblitz_api.TestAuctionDetails" name="test_get_nonexistent_auction" time="0.040" /></testsuite></testsuites>