<?xml version="1.0" encoding="utf-8"?><testsuites name="pytest tests"><testsuite name="pytest" errors="0" failures="0" skipped="0" tests="13" time="18.807" timestamp="2026-02-22T23:05:11.199949+00:00" hostname="agent-env-cd559e82-eaed-40a9-b2a3-a3a8481d883a"><testcase classname="backend.tests.test_payout_settings_international.TestPayoutSettingsAPI" name="test_get_enterprise_list_with_payout_settings" time="1.181" /><testcase classname="backend.tests.test_payout_settings_international.TestPayoutSettingsAPI" name="test_update_payout_settings_with_bic_swift" time="1.446" /><testcase classname="backend.tests.test_payout_settings_international.TestPayoutSettingsAPI" name="test_update_payout_settings_with_8_char_bic" time="1.804" /><testcase classname="backend.tests.test_payout_settings_international.TestPayoutSettingsAPI" name="test_update_payout_settings_with_usd_currency" time="1.495" /><testcase classname="backend.tests.test_payout_settings_international.TestPayoutSettingsAPI" name="test_update_payout_settings_with_gbp_currency" time="1.789" /><testcase classname="backend.tests.test_payout_settings_international.TestPayoutSettingsAPI" name="test_update_payout_settings_with_chf_currency" time="1.601" /><testcase classname="backend.tests.test_payout_settings_international.TestPayoutSettingsAPI" name="test_update_payout_settings_with_try_currency" time="1.436" /><testcase classname="backend.tests.test_payout_settings_international.TestPayoutSettingsAPI" name="test_update_payout_settings_with_aed_currency" time="1.481" /><testcase classname="backend.tests.test_payout_settings_international.TestPayoutSettingsAPI" name="test_verify_payout_settings_persisted" time="2.605" /><testcase classname="backend.tests.test_payout_settings_international.TestPayoutSettingsAPI" name="test_payout_settings_without_bic_swift" time="1.513" /><testcase classname="backend.tests.test_payout_settings_international.TestWisePayoutsBICValidation" name="test_wise_bic_validation_8_chars" time="0.001" /><testcase classname="backend.tests.test_payout_settings_international.TestWisePayoutsBICValidation" name="test_wise_bic_validation_11_chars" time="0.000" /><testcase classname="backend.tests.test_payout_settings_international.TestPayoutSettingsModel" name="test_payout_settings_model_has_new_fields" time="2.384" /></testsuite></testsuites>