<?xml version="1.0" encoding="utf-8"?><testsuites name="pytest tests"><testsuite name="pytest" errors="0" failures="6" skipped="0" tests="30" time="4.206" timestamp="2026-02-02T19:12:42.559283+00:00" hostname="agent-env-3d5d6a8c-9adb-4326-85f7-19ebbd60e30a"><testcase classname="backend.tests.test_engagement_features.TestFavoritesAPI" name="test_get_my_favorites" time="0.375" /><testcase classname="backend.tests.test_engagement_features.TestFavoritesAPI" name="test_add_favorite_category" time="0.068" /><testcase classname="backend.tests.test_engagement_features.TestFavoritesAPI" name="test_add_favorite_requires_auth" time="0.036" /><testcase classname="backend.tests.test_engagement_features.TestFavoritesAPI" name="test_get_live_alerts" time="0.041" /><testcase classname="backend.tests.test_engagement_features.TestTeamsAPI" name="test_get_team_leaderboard" time="0.089" /><testcase classname="backend.tests.test_engagement_features.TestTeamsAPI" name="test_get_my_team" time="0.304" /><testcase classname="backend.tests.test_engagement_features.TestTeamsAPI" name="test_create_team" time="0.067" /><testcase classname="backend.tests.test_engagement_features.TestTeamsAPI" name="test_create_team_requires_auth" time="0.037" /><testcase classname="backend.tests.test_engagement_features.TestBidRefundAPI" name="test_get_refund_stats" time="0.296" /><testcase classname="backend.tests.test_engagement_features.TestBidRefundAPI" name="test_get_my_refunds" time="0.043" /><testcase classname="backend.tests.test_engagement_features.TestAuctionReplayAPI" name="test_get_best_times" time="0.041"><failure message="AssertionError: assert 'analysis_period_days' in {'best_days': [], 'best_hours': [], 'tip': 'Die besten Zeiten zum Bieten sind früh morgens (6-8 Uhr) und spät abends (22-24 Uhr).', 'total_analyzed': 0, ...}">backend/tests/test_engagement_features.py:244: in test_get_best_times
    assert "analysis_period_days" in data
E   AssertionError: assert 'analysis_period_days' in {'best_days': [], 'best_hours': [], 'tip': 'Die besten Zeiten zum Bieten sind früh morgens (6-8 Uhr) und spät abends (22-24 Uhr).', 'total_analyzed': 0, ...}</failure></testcase><testcase classname="backend.tests.test_engagement_features.TestAuctionReplayAPI" name="test_get_my_stats" time="0.300"><failure message="assert 404 == 200&#10; +  where 404 = &lt;Response [404]&gt;.status_code">backend/tests/test_engagement_features.py:252: in test_get_my_stats
    assert response.status_code == 200
E   assert 404 == 200
E    +  where 404 = &lt;Response [404]&gt;.status_code</failure></testcase><testcase classname="backend.tests.test_engagement_features.TestAuctionReplayAPI" name="test_get_recent_ended" time="0.040"><failure message="assert 404 == 200&#10; +  where 404 = &lt;Response [404]&gt;.status_code">backend/tests/test_engagement_features.py:261: in test_get_recent_ended
    assert response.status_code == 200
E   assert 404 == 200
E    +  where 404 = &lt;Response [404]&gt;.status_code</failure></testcase><testcase classname="backend.tests.test_engagement_features.TestFlashCouponsAPI" name="test_get_active_coupons" time="0.305" /><testcase classname="backend.tests.test_engagement_features.TestFlashCouponsAPI" name="test_get_my_coupons" time="0.034"><failure message="assert 404 == 200&#10; +  where 404 = &lt;Response [404]&gt;.status_code">backend/tests/test_engagement_features.py:299: in test_get_my_coupons
    assert response.status_code == 200
E   assert 404 == 200
E    +  where 404 = &lt;Response [404]&gt;.status_code</failure></testcase><testcase classname="backend.tests.test_engagement_features.TestVIPLoungeAPI" name="test_check_vip_access" time="0.306" /><testcase classname="backend.tests.test_engagement_features.TestVIPLoungeAPI" name="test_get_lounge_messages" time="0.037" /><testcase classname="backend.tests.test_engagement_features.TestBirthdayAPI" name="test_get_birthday_status" time="0.310"><failure message="AssertionError: assert 'bonus_amount' in {'has_birthday': False, 'message': 'Setze deinen Geburtstag um Gratis-Gebote zu erhalten!'}">backend/tests/test_engagement_features.py:366: in test_get_birthday_status
    assert "bonus_amount" in data
E   AssertionError: assert 'bonus_amount' in {'has_birthday': False, 'message': 'Setze deinen Geburtstag um Gratis-Gebote zu erhalten!'}</failure></testcase><testcase classname="backend.tests.test_engagement_features.TestBirthdayAPI" name="test_set_birthday" time="0.043" /><testcase classname="backend.tests.test_engagement_features.TestBirthdayAPI" name="test_birthday_requires_auth" time="0.032" /><testcase classname="backend.tests.test_engagement_features.TestInsuranceAPI" name="test_get_insurance_stats" time="0.322" /><testcase classname="backend.tests.test_engagement_features.TestInsuranceAPI" name="test_get_my_insurance" time="0.038" /><testcase classname="backend.tests.test_engagement_features.TestWishlistAPI" name="test_get_top_wishes" time="0.037" /><testcase classname="backend.tests.test_engagement_features.TestWishlistAPI" name="test_suggest_product" time="0.355"><failure message="assert 404 == 200&#10; +  where 404 = &lt;Response [404]&gt;.status_code">backend/tests/test_engagement_features.py:463: in test_suggest_product
    assert response.status_code == 200
E   assert 404 == 200
E    +  where 404 = &lt;Response [404]&gt;.status_code</failure></testcase><testcase classname="backend.tests.test_engagement_features.TestWishlistAPI" name="test_get_categories" time="0.034" /><testcase classname="backend.tests.test_engagement_features.TestWishlistAPI" name="test_get_my_wishes" time="0.039" /><testcase classname="backend.tests.test_engagement_features.TestStreakProtectionAPI" name="test_get_streak_status" time="0.308" /><testcase classname="backend.tests.test_engagement_features.TestStreakProtectionAPI" name="test_get_claimed_rewards" time="0.037" /><testcase classname="backend.tests.test_engagement_features.TestStreakProtectionAPI" name="test_get_protection_history" time="0.037" /><testcase classname="backend.tests.test_engagement_features.TestStreakProtectionAPI" name="test_streak_requires_auth" time="0.039" /></testsuite></testsuites>