<?xml version="1.0" encoding="utf-8"?><testsuites name="pytest tests"><testsuite name="pytest" errors="0" failures="1" skipped="0" tests="18" time="13.152" timestamp="2026-02-22T13:32:57.229498+00:00" hostname="agent-env-0d6d196f-53cd-4848-95bc-f35c8619fcb4"><testcase classname="backend.tests.test_kyc_verification.TestKYCVerificationAPIs" name="test_01_admin_login" time="0.955" /><testcase classname="backend.tests.test_kyc_verification.TestKYCVerificationAPIs" name="test_02_get_pending_kyc_users" time="0.354" /><testcase classname="backend.tests.test_kyc_verification.TestKYCVerificationAPIs" name="test_03_get_all_kyc_users" time="0.430" /><testcase classname="backend.tests.test_kyc_verification.TestKYCVerificationAPIs" name="test_04_get_kyc_users_filtered_pending" time="0.357" /><testcase classname="backend.tests.test_kyc_verification.TestKYCVerificationAPIs" name="test_05_get_kyc_users_filtered_approved" time="0.373" /><testcase classname="backend.tests.test_kyc_verification.TestKYCVerificationAPIs" name="test_06_get_kyc_users_filtered_rejected" time="0.363" /><testcase classname="backend.tests.test_kyc_verification.TestKYCVerificationAPIs" name="test_07_approve_kyc_user" time="0.489" /><testcase classname="backend.tests.test_kyc_verification.TestKYCVerificationAPIs" name="test_08_reject_kyc_user_with_reason" time="0.485" /><testcase classname="backend.tests.test_kyc_verification.TestKYCVerificationAPIs" name="test_09_approve_kyc_user_again" time="0.483" /><testcase classname="backend.tests.test_kyc_verification.TestKYCVerificationAPIs" name="test_10_verified_user_can_login" time="0.811" /><testcase classname="backend.tests.test_kyc_verification.TestKYCVerificationAPIs" name="test_11_get_kyc_status_for_verified_user" time="1.142" /><testcase classname="backend.tests.test_kyc_verification.TestKYCVerificationAPIs" name="test_12_admin_bypasses_kyc" time="0.828" /><testcase classname="backend.tests.test_kyc_verification.TestKYCVerificationAPIs" name="test_13_non_admin_cannot_access_pending_users" time="0.989" /><testcase classname="backend.tests.test_kyc_verification.TestKYCVerificationAPIs" name="test_14_non_admin_cannot_approve_kyc" time="1.010" /><testcase classname="backend.tests.test_kyc_verification.TestKYCVerificationAPIs" name="test_15_kyc_upload_endpoint_works" time="1.197" /><testcase classname="backend.tests.test_kyc_verification.TestKYCVerificationAPIs" name="test_16_kyc_upload_invalid_type_rejected" time="1.053" /><testcase classname="backend.tests.test_kyc_verification.TestKYCVerificationAPIs" name="test_17_kyc_submit_endpoint_works" time="1.113" /><testcase classname="backend.tests.test_kyc_verification.TestKYCVerificationAPIs" name="test_18_kyc_resubmit_requires_rejected_status" time="0.632"><failure message="AssertionError: Expected 400 for non-rejected user, got: 401&#10;assert 401 == 400&#10; +  where 401 = &lt;Response [401]&gt;.status_code">backend/tests/test_kyc_verification.py:392: in test_18_kyc_resubmit_requires_rejected_status
    assert response.status_code == 400, f"Expected 400 for non-rejected user, got: {response.status_code}"
E   AssertionError: Expected 400 for non-rejected user, got: 401
E   assert 401 == 400
E    +  where 401 = &lt;Response [401]&gt;.status_code</failure></testcase></testsuite></testsuites>