<?xml version="1.0" encoding="utf-8"?><testsuites name="pytest tests"><testsuite name="pytest" errors="0" failures="0" skipped="0" tests="17" time="9.101" timestamp="2026-02-20T11:17:54.686080+00:00" hostname="agent-env-bee72a3e-831c-47db-b491-3a0d2f483bc9"><testcase classname="backend.tests.test_commission_settings.TestCommissionSettingsAPI" name="test_get_commission_settings" time="0.391" /><testcase classname="backend.tests.test_commission_settings.TestCommissionSettingsAPI" name="test_get_commission_settings_unauthorized" time="0.114" /><testcase classname="backend.tests.test_commission_settings.TestCommissionSettingsAPI" name="test_get_commission_settings_invalid_key" time="0.115" /><testcase classname="backend.tests.test_commission_settings.TestCommissionSettingsAPI" name="test_put_commission_settings" time="0.375" /><testcase classname="backend.tests.test_commission_settings.TestCommissionSettingsAPI" name="test_put_commission_settings_verify_persistence" time="0.561" /><testcase classname="backend.tests.test_commission_settings.TestCommissionSettingsAPI" name="test_put_commission_settings_validation_voucher" time="0.273" /><testcase classname="backend.tests.test_commission_settings.TestCommissionSettingsAPI" name="test_put_commission_settings_validation_negative" time="0.217" /><testcase classname="backend.tests.test_commission_settings.TestCommissionSettingsAPI" name="test_put_commission_settings_invalid_enterprise" time="0.216" /><testcase classname="backend.tests.test_commission_settings.TestCommissionSettingsAPI" name="test_put_commission_settings_deactivate" time="0.563" /><testcase classname="backend.tests.test_commission_settings.TestAdminListWithCommissionSettings" name="test_admin_list_includes_commission_settings" time="0.883" /><testcase classname="backend.tests.test_commission_settings.TestAdminListWithCommissionSettings" name="test_commission_settings_persist_in_list" time="1.227" /><testcase classname="backend.tests.test_commission_settings.TestEnterpriseBranchCreation" name="test_create_branch" time="0.816" /><testcase classname="backend.tests.test_commission_settings.TestEnterpriseBranchCreation" name="test_create_branch_minimal" time="0.862" /><testcase classname="backend.tests.test_commission_settings.TestEnterpriseBranchCreation" name="test_list_branches" time="1.478" /><testcase classname="backend.tests.test_commission_settings.TestEnterpriseLogin" name="test_enterprise_login_success" time="0.338" /><testcase classname="backend.tests.test_commission_settings.TestEnterpriseLogin" name="test_enterprise_login_invalid_credentials" time="0.248" /><testcase classname="backend.tests.test_commission_settings.TestCleanup" name="test_reset_commission_settings" time="0.342" /></testsuite></testsuites>