<?xml version="1.0" encoding="utf-8"?><testsuites name="pytest tests"><testsuite name="pytest" errors="0" failures="0" skipped="0" tests="18" time="11.743" timestamp="2026-02-17T09:36:53.722715+00:00" hostname="agent-env-7a3816f3-6fb9-433c-9ac3-040a55325d03"><testcase classname="backend.tests.test_restaurant_features.TestRestaurantDiscovery" name="test_discover_restaurants" time="1.104" /><testcase classname="backend.tests.test_restaurant_features.TestRestaurantDiscovery" name="test_get_categories" time="0.177" /><testcase classname="backend.tests.test_restaurant_features.TestRestaurantDiscovery" name="test_get_featured_restaurants" time="1.069" /><testcase classname="backend.tests.test_restaurant_features.TestRestaurantDiscovery" name="test_get_restaurant_details" time="1.476" /><testcase classname="backend.tests.test_restaurant_features.TestRestaurantDiscovery" name="test_filter_by_category" time="0.349" /><testcase classname="backend.tests.test_restaurant_features.TestRestaurantDiscovery" name="test_search_restaurants" time="1.025" /><testcase classname="backend.tests.test_restaurant_features.TestLoyaltyProgram" name="test_get_loyalty_levels" time="0.190" /><testcase classname="backend.tests.test_restaurant_features.TestLoyaltyProgram" name="test_get_leaderboard" time="0.219" /><testcase classname="backend.tests.test_restaurant_features.TestLoyaltyProgram" name="test_loyalty_status_requires_auth" time="0.148" /><testcase classname="backend.tests.test_restaurant_features.TestLoyaltyProgram" name="test_loyalty_challenges_requires_auth" time="0.155" /><testcase classname="backend.tests.test_restaurant_features.TestRestaurantReviews" name="test_get_restaurant_reviews" time="1.490" /><testcase classname="backend.tests.test_restaurant_features.TestRestaurantReviews" name="test_get_top_rated_restaurants" time="0.296" /><testcase classname="backend.tests.test_restaurant_features.TestRestaurantReviews" name="test_submit_review_requires_auth" time="0.109" /><testcase classname="backend.tests.test_restaurant_features.TestRestaurantPortal" name="test_validate_invalid_voucher" time="0.260" /><testcase classname="backend.tests.test_restaurant_features.TestRestaurantPortal" name="test_restaurant_login_invalid_credentials" time="0.323" /><testcase classname="backend.tests.test_restaurant_features.TestRestaurantPortal" name="test_admin_list_restaurants" time="0.271" /><testcase classname="backend.tests.test_restaurant_features.TestAuthenticatedLoyalty" name="test_loyalty_status_authenticated" time="1.371" /><testcase classname="backend.tests.test_restaurant_features.TestAuthenticatedLoyalty" name="test_loyalty_challenges_authenticated" time="1.624" /></testsuite></testsuites>