<?xml version="1.0" encoding="utf-8"?><testsuites name="pytest tests"><testsuite name="pytest" errors="0" failures="0" skipped="0" tests="9" time="5.303" timestamp="2026-02-26T06:48:41.825732+00:00" hostname="agent-env-88156085-fd71-4dbe-926a-e775fb8e5713"><testcase classname="backend.tests.test_bnpl_merchant_features.TestBNPLAPIs" name="test_bnpl_calculate_3_months" time="0.142" /><testcase classname="backend.tests.test_bnpl_merchant_features.TestBNPLAPIs" name="test_bnpl_calculate_6_months" time="0.118" /><testcase classname="backend.tests.test_bnpl_merchant_features.TestBNPLAPIs" name="test_bnpl_calculate_12_months" time="0.097" /><testcase classname="backend.tests.test_bnpl_merchant_features.TestBNPLAPIs" name="test_bnpl_eligibility_with_token" time="1.364" /><testcase classname="backend.tests.test_bnpl_merchant_features.TestBNPLAPIs" name="test_bnpl_eligibility_without_token" time="0.113" /><testcase classname="backend.tests.test_bnpl_merchant_features.TestMerchantDashboardAPIs" name="test_merchant_products_list" time="0.994" /><testcase classname="backend.tests.test_bnpl_merchant_features.TestMerchantDashboardAPIs" name="test_merchant_coupons_list" time="0.990" /><testcase classname="backend.tests.test_bnpl_merchant_features.TestMerchantDashboardAPIs" name="test_merchant_dashboard" time="1.246" /><testcase classname="backend.tests.test_bnpl_merchant_features.TestBidPackages" name="test_bid_packages_list" time="0.156" /></testsuite></testsuites>