<?xml version="1.0" encoding="utf-8"?><testsuites name="pytest tests"><testsuite name="pytest" errors="0" failures="0" skipped="0" tests="8" time="9.775" timestamp="2026-02-18T19:38:04.186343+00:00" hostname="agent-env-c53f9a3e-f6fd-4ba2-96fe-2d368c702338"><testcase classname="backend.tests.test_credit_score.TestCreditScoreAPIs" name="test_credit_score_endpoint" time="1.337" /><testcase classname="backend.tests.test_credit_score.TestCreditScoreAPIs" name="test_credit_score_tier_benefits" time="1.184" /><testcase classname="backend.tests.test_credit_score.TestCreditScoreAPIs" name="test_credit_score_next_tier" time="1.141" /><testcase classname="backend.tests.test_credit_score.TestCreditScoreAPIs" name="test_credit_score_tips" time="1.254" /><testcase classname="backend.tests.test_credit_score.TestCreditScoreAPIs" name="test_credit_score_history" time="1.193" /><testcase classname="backend.tests.test_credit_score.TestCreditScoreAPIs" name="test_eligibility_includes_score_info" time="1.586" /><testcase classname="backend.tests.test_credit_score.TestCreditScoreAPIs" name="test_eligibility_tier_affects_limits" time="1.671" /><testcase classname="backend.tests.test_credit_score.TestCreditScoreValidation" name="test_score_endpoint_requires_auth" time="0.332" /></testsuite></testsuites>