<?xml version="1.0" encoding="utf-8"?><testsuites name="pytest tests"><testsuite name="pytest" errors="0" failures="2" skipped="0" tests="14" time="1.462" timestamp="2026-02-09T14:40:03.765228+00:00" hostname="agent-env-76eda438-6b85-4a04-a31b-cec1fdc93cf6"><testcase classname="backend.tests.test_new_features_v6.TestHealthCheck" name="test_health_endpoint" time="0.080" /><testcase classname="backend.tests.test_new_features_v6.TestAuthAPI" name="test_login_success" time="0.265" /><testcase classname="backend.tests.test_new_features_v6.TestAuthAPI" name="test_login_invalid_credentials" time="0.040" /><testcase classname="backend.tests.test_new_features_v6.TestAuthAPI" name="test_login_missing_fields" time="0.038" /><testcase classname="backend.tests.test_new_features_v6.TestAchievementsAPI" name="test_get_all_achievements" time="0.035" /><testcase classname="backend.tests.test_new_features_v6.TestAchievementsAPI" name="test_get_all_achievements_english" time="0.033" /><testcase classname="backend.tests.test_new_features_v6.TestAchievementsAPI" name="test_get_my_achievements_authenticated" time="0.295" /><testcase classname="backend.tests.test_new_features_v6.TestAchievementsAPI" name="test_get_my_achievements_unauthorized" time="0.034" /><testcase classname="backend.tests.test_new_features_v6.TestWinnerGalleryAPI" name="test_get_gallery_feed" time="0.038" /><testcase classname="backend.tests.test_new_features_v6.TestWinnerGalleryAPI" name="test_get_gallery_feed_featured_only" time="0.040" /><testcase classname="backend.tests.test_new_features_v6.TestWinnerGalleryAPI" name="test_get_gallery_feed_pagination" time="0.037" /><testcase classname="backend.tests.test_new_features_v6.TestAuctionsAPI" name="test_get_auctions_list" time="0.099" /><testcase classname="backend.tests.test_new_features_v6.TestUserStatsAPI" name="test_get_user_stats_authenticated" time="0.295"><failure message="assert 404 == 200&#10; +  where 404 = &lt;Response [404]&gt;.status_code">backend/tests/test_new_features_v6.py:203: in test_get_user_stats_authenticated
    assert response.status_code == 200
E   assert 404 == 200
E    +  where 404 = &lt;Response [404]&gt;.status_code</failure></testcase><testcase classname="backend.tests.test_new_features_v6.TestJackpotAPI" name="test_get_global_jackpot" time="0.033"><failure message="AssertionError: assert ('jackpot_amount' in {'contribution_per_bid': 1, 'current_amount': 100, 'is_active': True, 'last_winner': 'Albin', ...} or 'amount' in {'contribution_per_bid': 1, 'current_amount': 100, 'is_active': True, 'last_winner': 'Albin', ...} or 'current_jackpot' in {'contribution_per_bid': 1, 'current_amount': 100, 'is_active': True, 'last_winner': 'Albin', ...})">backend/tests/test_new_features_v6.py:214: in test_get_global_jackpot
    assert "jackpot_amount" in data or "amount" in data or "current_jackpot" in data
E   AssertionError: assert ('jackpot_amount' in {'contribution_per_bid': 1, 'current_amount': 100, 'is_active': True, 'last_winner': 'Albin', ...} or 'amount' in {'contribution_per_bid': 1, 'current_amount': 100, 'is_active': True, 'last_winner': 'Albin', ...} or 'current_jackpot' in {'contribution_per_bid': 1, 'current_amount': 100, 'is_active': True, 'last_winner': 'Albin', ...})</failure></testcase></testsuite></testsuites>