<?xml version="1.0" encoding="utf-8"?><testsuites name="pytest tests"><testsuite name="pytest" errors="0" failures="0" skipped="0" tests="23" time="1.503" timestamp="2026-02-02T18:18:26.133928+00:00" hostname="agent-env-3d5d6a8c-9adb-4326-85f7-19ebbd60e30a"><testcase classname="tests.test_new_customer_features.TestSubscriptionAPI" name="test_get_subscription_plans_returns_3_plans" time="0.083" /><testcase classname="tests.test_new_customer_features.TestSubscriptionAPI" name="test_subscription_plans_have_correct_structure" time="0.169" /><testcase classname="tests.test_new_customer_features.TestSubscriptionAPI" name="test_basic_plan_details" time="0.038" /><testcase classname="tests.test_new_customer_features.TestSubscriptionAPI" name="test_pro_plan_is_popular" time="0.037" /><testcase classname="tests.test_new_customer_features.TestSubscriptionAPI" name="test_elite_plan_has_exclusive_auctions" time="0.035" /><testcase classname="tests.test_new_customer_features.TestSubscriptionAPI" name="test_get_my_subscription_requires_auth" time="0.043" /><testcase classname="tests.test_new_customer_features.TestSubscriptionAPI" name="test_get_my_subscription_returns_status" time="0.307" /><testcase classname="tests.test_new_customer_features.TestBidBuddyAPI" name="test_get_my_buddies_requires_auth" time="0.032" /><testcase classname="tests.test_new_customer_features.TestBidBuddyAPI" name="test_get_my_buddies_returns_list" time="0.077" /><testcase classname="tests.test_new_customer_features.TestBidBuddyAPI" name="test_get_bid_buddy_status_requires_auth" time="0.033" /><testcase classname="tests.test_new_customer_features.TestBidBuddyAPI" name="test_get_bid_buddy_status_returns_status" time="0.038" /><testcase classname="tests.test_new_customer_features.TestBuyItNowAPI" name="test_get_offers_requires_auth" time="0.032" /><testcase classname="tests.test_new_customer_features.TestBuyItNowAPI" name="test_get_offers_returns_list" time="0.044" /><testcase classname="tests.test_new_customer_features.TestAchievementsAPI" name="test_get_all_achievements_returns_18_plus" time="0.036" /><testcase classname="tests.test_new_customer_features.TestAchievementsAPI" name="test_achievements_have_correct_structure" time="0.033" /><testcase classname="tests.test_new_customer_features.TestAchievementsAPI" name="test_achievements_language_support" time="0.085" /><testcase classname="tests.test_new_customer_features.TestAchievementsAPI" name="test_get_my_achievements_requires_auth" time="0.035" /><testcase classname="tests.test_new_customer_features.TestAchievementsAPI" name="test_get_my_achievements_returns_user_progress" time="0.035" /><testcase classname="tests.test_new_customer_features.TestTestimonialsAPI" name="test_get_videos_returns_list" time="0.082" /><testcase classname="tests.test_new_customer_features.TestWinNotificationsAPI" name="test_get_recent_notifications" time="0.039" /><testcase classname="tests.test_new_customer_features.TestCountdownAlarmAPI" name="test_get_my_alarms_requires_auth" time="0.034" /><testcase classname="tests.test_new_customer_features.TestCountdownAlarmAPI" name="test_get_my_alarms_returns_list" time="0.035" /><testcase classname="tests.test_new_customer_features.TestHealthCheck" name="test_api_health" time="0.036" /></testsuite></testsuites>