<?xml version="1.0" encoding="utf-8"?><testsuites name="pytest tests"><testsuite name="pytest" errors="0" failures="0" skipped="0" tests="20" time="3.474" timestamp="2026-01-23T13:14:03.753017+00:00" hostname="agent-env-7b04c4d0-cf8c-44b0-8d47-538fae73f660"><testcase classname="backend.tests.test_bidblitz_api.TestPublicEndpoints" name="test_health_check" time="0.062" /><testcase classname="backend.tests.test_bidblitz_api.TestPublicEndpoints" name="test_get_active_auctions" time="0.166" /><testcase classname="backend.tests.test_bidblitz_api.TestPublicEndpoints" name="test_get_products" time="0.044" /><testcase classname="backend.tests.test_bidblitz_api.TestPublicEndpoints" name="test_get_business_hours" time="0.039" /><testcase classname="backend.tests.test_bidblitz_api.TestPublicEndpoints" name="test_get_featured_auction" time="0.075" /><testcase classname="backend.tests.test_bidblitz_api.TestPublicEndpoints" name="test_get_auction_of_the_day" time="0.082" /><testcase classname="backend.tests.test_bidblitz_api.TestLegalPages" name="test_impressum_page" time="0.041" /><testcase classname="backend.tests.test_bidblitz_api.TestLegalPages" name="test_agb_page" time="0.040" /><testcase classname="backend.tests.test_bidblitz_api.TestLegalPages" name="test_datenschutz_page" time="0.038" /><testcase classname="backend.tests.test_bidblitz_api.TestAuthentication" name="test_login_with_valid_credentials" time="0.301" /><testcase classname="backend.tests.test_bidblitz_api.TestAuthentication" name="test_login_with_invalid_credentials" time="0.039" /><testcase classname="backend.tests.test_bidblitz_api.TestAuthentication" name="test_admin_login" time="0.261" /><testcase classname="backend.tests.test_bidblitz_api.TestAuthenticatedEndpoints" name="test_get_user_profile" time="0.343" /><testcase classname="backend.tests.test_bidblitz_api.TestAuthenticatedEndpoints" name="test_get_wishlist" time="0.301" /><testcase classname="backend.tests.test_bidblitz_api.TestAuthenticatedEndpoints" name="test_get_autobidders" time="0.306" /><testcase classname="backend.tests.test_bidblitz_api.TestAuthenticatedEndpoints" name="test_get_orders" time="0.294" /><testcase classname="backend.tests.test_bidblitz_api.TestBiddingFunctionality" name="test_place_bid" time="0.517" /><testcase classname="backend.tests.test_bidblitz_api.TestBiddingFunctionality" name="test_bid_without_auth" time="0.209" /><testcase classname="backend.tests.test_bidblitz_api.TestAuctionDetails" name="test_get_auction_by_id" time="0.218" /><testcase classname="backend.tests.test_bidblitz_api.TestAuctionDetails" name="test_get_nonexistent_auction" time="0.037" /></testsuite></testsuites>