<?xml version="1.0" encoding="utf-8"?><testsuites name="pytest tests"><testsuite name="pytest" errors="0" failures="0" skipped="0" tests="24" time="16.553" timestamp="2026-02-19T23:30:29.757746+00:00" hostname="agent-env-9f416e59-0106-4078-bd66-b1f06f0ab0ff"><testcase classname="backend.tests.test_digital_payment_api.TestDigitalPaymentAPISetup" name="test_api_docs_endpoint" time="0.299" /><testcase classname="backend.tests.test_digital_payment_api.TestAPIKeyManagement" name="test_create_api_key_success" time="0.297" /><testcase classname="backend.tests.test_digital_payment_api.TestAPIKeyManagement" name="test_create_api_key_invalid_admin_key" time="0.063" /><testcase classname="backend.tests.test_digital_payment_api.TestAPIKeyManagement" name="test_create_api_key_missing_admin_key" time="0.094" /><testcase classname="backend.tests.test_digital_payment_api.TestAPIKeyManagement" name="test_list_api_keys_success" time="0.188" /><testcase classname="backend.tests.test_digital_payment_api.TestAPIKeyManagement" name="test_list_api_keys_invalid_admin_key" time="0.089" /><testcase classname="backend.tests.test_digital_payment_api.TestAPIKeyManagement" name="test_revoke_api_key" time="0.557" /><testcase classname="backend.tests.test_digital_payment_api.TestAPIKeyManagement" name="test_revoke_nonexistent_key" time="0.189" /><testcase classname="backend.tests.test_digital_payment_api.TestPaymentOperations" name="test_create_payment_success" time="0.923" /><testcase classname="backend.tests.test_digital_payment_api.TestPaymentOperations" name="test_create_payment_invalid_api_key" time="0.062" /><testcase classname="backend.tests.test_digital_payment_api.TestPaymentOperations" name="test_create_payment_duplicate_reference" time="1.027" /><testcase classname="backend.tests.test_digital_payment_api.TestPaymentOperations" name="test_get_payment_status" time="1.051" /><testcase classname="backend.tests.test_digital_payment_api.TestPaymentOperations" name="test_get_payment_not_found" time="0.409" /><testcase classname="backend.tests.test_digital_payment_api.TestPaymentOperations" name="test_list_payments" time="0.530" /><testcase classname="backend.tests.test_digital_payment_api.TestPaymentOperations" name="test_list_payments_with_status_filter" time="0.516" /><testcase classname="backend.tests.test_digital_payment_api.TestPaymentOperations" name="test_refund_payment_not_completed" time="1.035" /><testcase classname="backend.tests.test_digital_payment_api.TestBalanceAndStats" name="test_get_balance_stats" time="1.329" /><testcase classname="backend.tests.test_digital_payment_api.TestBalanceAndStats" name="test_get_customer_balance" time="0.491" /><testcase classname="backend.tests.test_digital_payment_api.TestCustomerCheckout" name="test_get_checkout_details" time="1.183" /><testcase classname="backend.tests.test_digital_payment_api.TestCustomerCheckout" name="test_get_checkout_not_found" time="0.179" /><testcase classname="backend.tests.test_digital_payment_api.TestCustomerCheckout" name="test_confirm_checkout_without_user" time="0.505" /><testcase classname="backend.tests.test_digital_payment_api.TestWebhooks" name="test_webhook_test_endpoint" time="1.045" /><testcase classname="backend.tests.test_digital_payment_api.TestWebhooks" name="test_webhook_test_invalid_url" time="0.349" /><testcase classname="backend.tests.test_digital_payment_api.TestCompletePaymentFlow" name="test_complete_payment_flow" time="4.012" /></testsuite></testsuites>