<?xml version="1.0" encoding="utf-8"?><testsuites name="pytest tests"><testsuite name="pytest" errors="0" failures="0" skipped="0" tests="10" time="1.896" timestamp="2026-02-08T10:51:24.123285+00:00" hostname="agent-env-a8eab12d-5e21-4207-8358-2189de7d13cd"><testcase classname="backend.tests.test_maintenance_referral.TestMaintenanceAPI" name="test_maintenance_status_public" time="0.058" /><testcase classname="backend.tests.test_maintenance_referral.TestMaintenanceAPI" name="test_maintenance_admin_status_requires_auth" time="0.033" /><testcase classname="backend.tests.test_maintenance_referral.TestMaintenanceAPI" name="test_maintenance_admin_status_with_auth" time="0.299" /><testcase classname="backend.tests.test_maintenance_referral.TestMaintenanceAPI" name="test_maintenance_toggle_requires_auth" time="0.035" /><testcase classname="backend.tests.test_maintenance_referral.TestMaintenanceAPI" name="test_maintenance_toggle_enable" time="0.331" /><testcase classname="backend.tests.test_maintenance_referral.TestMaintenanceAPI" name="test_maintenance_toggle_disable" time="0.371" /><testcase classname="backend.tests.test_maintenance_referral.TestReferralAPI" name="test_referral_stats_requires_auth" time="0.037" /><testcase classname="backend.tests.test_maintenance_referral.TestReferralAPI" name="test_referral_stats_with_auth" time="0.292" /><testcase classname="backend.tests.test_maintenance_referral.TestInfluencerAPI" name="test_influencer_list_requires_auth" time="0.036" /><testcase classname="backend.tests.test_maintenance_referral.TestInfluencerAPI" name="test_influencer_list_with_auth" time="0.339" /></testsuite></testsuites>