<?xml version="1.0" encoding="utf-8"?><testsuites name="pytest tests"><testsuite name="pytest" errors="0" failures="0" skipped="0" tests="8" time="6.685" timestamp="2026-02-18T13:06:03.412847+00:00" hostname="agent-env-b4c41e81-a2f6-48ce-babc-1de1df304395"><testcase classname="backend.tests.test_merchant_vouchers.TestMerchantVouchersAPI" name="test_get_merchants" time="1.671" /><testcase classname="backend.tests.test_merchant_vouchers.TestMerchantVouchersAPI" name="test_get_merchant_details" time="0.239" /><testcase classname="backend.tests.test_merchant_vouchers.TestMerchantVouchersAPI" name="test_get_merchant_details_not_found" time="0.367" /><testcase classname="backend.tests.test_merchant_vouchers.TestMerchantVouchersAPI" name="test_get_merchant_vouchers" time="0.282" /><testcase classname="backend.tests.test_merchant_vouchers.TestMerchantVouchersAPI" name="test_admin_create_voucher" time="0.758" /><testcase classname="backend.tests.test_merchant_vouchers.TestMerchantVouchersAPI" name="test_admin_create_voucher_invalid_partner" time="0.346" /><testcase classname="backend.tests.test_merchant_vouchers.TestMerchantVouchersAPI" name="test_admin_get_all_vouchers" time="0.269" /><testcase classname="backend.tests.test_merchant_vouchers.TestMerchantVouchersIntegration" name="test_full_voucher_creation_flow" time="2.699" /></testsuite></testsuites>