<?xml version="1.0" encoding="utf-8"?><testsuites name="pytest tests"><testsuite name="pytest" errors="0" failures="2" skipped="0" tests="26" time="3.695" timestamp="2026-02-09T17:23:26.225958+00:00" hostname="agent-env-76eda438-6b85-4a04-a31b-cec1fdc93cf6"><testcase classname="backend.tests.test_9_new_features.TestHealthAndAuth" name="test_health_endpoint" time="0.068" /><testcase classname="backend.tests.test_9_new_features.TestHealthAndAuth" name="test_login_success" time="0.284" /><testcase classname="backend.tests.test_9_new_features.TestActivityFeedAPI" name="test_get_activity_stats" time="0.040" /><testcase classname="backend.tests.test_9_new_features.TestActivityFeedAPI" name="test_get_recent_wins" time="0.041" /><testcase classname="backend.tests.test_9_new_features.TestActivityFeedAPI" name="test_get_live_bids" time="0.042" /><testcase classname="backend.tests.test_9_new_features.TestActivityFeedAPI" name="test_get_recent_activity" time="0.048" /><testcase classname="backend.tests.test_9_new_features.TestTournamentAPI" name="test_get_current_tournament" time="0.046" /><testcase classname="backend.tests.test_9_new_features.TestTournamentAPI" name="test_get_tournament_leaderboard" time="0.040" /><testcase classname="backend.tests.test_9_new_features.TestTournamentAPI" name="test_get_tournament_history" time="0.038" /><testcase classname="backend.tests.test_9_new_features.TestRecommendationsAPI" name="test_get_trending_auctions" time="0.071" /><testcase classname="backend.tests.test_9_new_features.TestRecommendationsAPI" name="test_get_ending_soon" time="0.041" /><testcase classname="backend.tests.test_9_new_features.TestRecommendationsAPI" name="test_get_hot_deals" time="0.080" /><testcase classname="backend.tests.test_9_new_features.TestWatchersAPI" name="test_get_watcher_stats" time="0.041"><failure message="AssertionError: assert 'total_viewers' in {'auction_id': 'stats', 'live_watchers': 0, 'message': 'Sei der Erste!', 'watchers': 0}">backend/tests/test_9_new_features.py:166: in test_get_watcher_stats
    assert "total_viewers" in data
E   AssertionError: assert 'total_viewers' in {'auction_id': 'stats', 'live_watchers': 0, 'message': 'Sei der Erste!', 'watchers': 0}</failure></testcase><testcase classname="backend.tests.test_9_new_features.TestWatchersAPI" name="test_get_hot_auctions" time="0.035"><failure message="AssertionError: assert 'hot_auctions' in {'auction_id': 'hot-auctions', 'live_watchers': 0, 'message': 'Sei der Erste!', 'watchers': 0}">backend/tests/test_9_new_features.py:176: in test_get_hot_auctions
    assert "hot_auctions" in data
E   AssertionError: assert 'hot_auctions' in {'auction_id': 'hot-auctions', 'live_watchers': 0, 'message': 'Sei der Erste!', 'watchers': 0}</failure></testcase><testcase classname="backend.tests.test_9_new_features.TestAuctionChatAPI" name="test_get_available_reactions" time="0.034" /><testcase classname="backend.tests.test_9_new_features.TestAuthenticatedEndpoints" name="test_get_welcome_bonus_status" time="0.303" /><testcase classname="backend.tests.test_9_new_features.TestAuthenticatedEndpoints" name="test_get_available_bonuses" time="0.376" /><testcase classname="backend.tests.test_9_new_features.TestAuthenticatedEndpoints" name="test_get_my_bid_alarms" time="0.308" /><testcase classname="backend.tests.test_9_new_features.TestAuthenticatedEndpoints" name="test_get_my_wallet_passes" time="0.295" /><testcase classname="backend.tests.test_9_new_features.TestAuthenticatedEndpoints" name="test_get_my_tournament_rank" time="0.303" /><testcase classname="backend.tests.test_9_new_features.TestAuthenticatedEndpoints" name="test_get_personalized_recommendations" time="0.331" /><testcase classname="backend.tests.test_9_new_features.TestAuthenticatedEndpoints" name="test_get_revenge_stats" time="0.303" /><testcase classname="backend.tests.test_9_new_features.TestAuthenticatedEndpoints" name="test_get_my_revenge_history" time="0.302" /><testcase classname="backend.tests.test_9_new_features.TestUnauthorizedAccess" name="test_welcome_bonus_status_unauthorized" time="0.035" /><testcase classname="backend.tests.test_9_new_features.TestUnauthorizedAccess" name="test_bid_alarm_my_alarms_unauthorized" time="0.039" /><testcase classname="backend.tests.test_9_new_features.TestUnauthorizedAccess" name="test_wallet_my_passes_unauthorized" time="0.037" /></testsuite></testsuites>