<?xml version="1.0" encoding="utf-8"?><testsuites name="pytest tests"><testsuite name="pytest" errors="0" failures="0" skipped="0" tests="13" time="16.734" timestamp="2026-02-18T09:22:44.339205+00:00" hostname="agent-env-fc708c83-e685-4722-b66b-2ffd5f8686b8"><testcase classname="tests.test_partner_budget.TestPartnerBudgetAPIs" name="test_partner_login_success" time="1.090" /><testcase classname="tests.test_partner_budget.TestPartnerBudgetAPIs" name="test_get_my_budget" time="0.876" /><testcase classname="tests.test_partner_budget.TestPartnerBudgetAPIs" name="test_get_my_budget_freibetrag_value" time="0.882" /><testcase classname="tests.test_partner_budget.TestPartnerBudgetAPIs" name="test_get_wise_payment_details" time="0.870" /><testcase classname="tests.test_partner_budget.TestPartnerBudgetAPIs" name="test_get_wise_payment_details_different_amounts" time="2.317" /><testcase classname="tests.test_partner_budget.TestPartnerBudgetAPIs" name="test_get_payment_history" time="0.984" /><testcase classname="tests.test_partner_budget.TestPartnerBudgetAPIs" name="test_update_payout_settings" time="1.218" /><testcase classname="tests.test_partner_budget.TestPartnerBudgetAPIs" name="test_update_payout_settings_different_frequencies" time="3.391" /><testcase classname="tests.test_partner_budget.TestPartnerBudgetAPIs" name="test_request_payout_insufficient_balance" time="1.206" /><testcase classname="tests.test_partner_budget.TestPartnerBudgetAPIs" name="test_unauthorized_access" time="0.944" /><testcase classname="tests.test_partner_budget.TestPartnerBudgetAPIs" name="test_can_create_vouchers_flag" time="0.850" /><testcase classname="tests.test_partner_budget.TestPartnerDashboard" name="test_get_dashboard" time="1.170" /><testcase classname="tests.test_partner_budget.TestPartnerDashboard" name="test_get_statistics" time="0.846" /></testsuite></testsuites>