<?xml version="1.0" encoding="utf-8"?><testsuites name="pytest tests"><testsuite name="pytest" errors="0" failures="1" skipped="0" tests="8" time="4.226" timestamp="2026-02-20T09:56:38.400342+00:00" hostname="agent-env-d1330d25-2df5-4e47-9002-11110702efb4"><testcase classname="backend.tests.test_cashback_program.TestCashbackPublicEndpoints" name="test_cashback_info_returns_program_details" time="0.162" /><testcase classname="backend.tests.test_cashback_program.TestCashbackPublicEndpoints" name="test_active_promotions_returns_list" time="0.216" /><testcase classname="backend.tests.test_cashback_program.TestCashbackAuthenticatedEndpoints" name="test_cashback_balance_requires_auth" time="0.141" /><testcase classname="backend.tests.test_cashback_program.TestCashbackAuthenticatedEndpoints" name="test_cashback_balance_returns_user_balance" time="1.163" /><testcase classname="backend.tests.test_cashback_program.TestCashbackAuthenticatedEndpoints" name="test_cashback_history_requires_auth" time="0.161" /><testcase classname="backend.tests.test_cashback_program.TestCashbackAuthenticatedEndpoints" name="test_cashback_history_returns_transactions" time="1.137" /><testcase classname="backend.tests.test_cashback_program.TestCashbackAuthenticatedEndpoints" name="test_cashback_redeem_requires_auth" time="0.136" /><testcase classname="backend.tests.test_cashback_program.TestCashbackAuthenticatedEndpoints" name="test_cashback_redeem_validates_amount" time="1.029"><failure message="assert 401 == 400&#10; +  where 401 = &lt;Response [401]&gt;.status_code">backend/tests/test_cashback_program.py:134: in test_cashback_redeem_validates_amount
    assert response.status_code == 400
E   assert 401 == 400
E    +  where 401 = &lt;Response [401]&gt;.status_code</failure></testcase></testsuite></testsuites>