<?xml version="1.0" encoding="utf-8"?><testsuites name="pytest tests"><testsuite name="pytest" errors="0" failures="0" skipped="0" tests="8" time="3.976" timestamp="2026-02-20T09:57:26.437467+00:00" hostname="agent-env-d1330d25-2df5-4e47-9002-11110702efb4"><testcase classname="backend.tests.test_cashback_program.TestCashbackPublicEndpoints" name="test_cashback_info_returns_program_details" time="0.163" /><testcase classname="backend.tests.test_cashback_program.TestCashbackPublicEndpoints" name="test_active_promotions_returns_list" time="0.222" /><testcase classname="backend.tests.test_cashback_program.TestCashbackAuthenticatedEndpoints" name="test_cashback_balance_requires_auth" time="0.101" /><testcase classname="backend.tests.test_cashback_program.TestCashbackAuthenticatedEndpoints" name="test_cashback_balance_returns_user_balance" time="1.105" /><testcase classname="backend.tests.test_cashback_program.TestCashbackAuthenticatedEndpoints" name="test_cashback_history_requires_auth" time="0.114" /><testcase classname="backend.tests.test_cashback_program.TestCashbackAuthenticatedEndpoints" name="test_cashback_history_returns_transactions" time="1.105" /><testcase classname="backend.tests.test_cashback_program.TestCashbackAuthenticatedEndpoints" name="test_cashback_redeem_requires_auth" time="0.108" /><testcase classname="backend.tests.test_cashback_program.TestCashbackAuthenticatedEndpoints" name="test_cashback_redeem_validates_amount" time="0.995" /></testsuite></testsuites>