<?xml version="1.0" encoding="utf-8"?><testsuites name="pytest tests"><testsuite name="pytest" errors="0" failures="1" skipped="0" tests="29" time="6.059" timestamp="2026-01-20T15:46:16.146021+00:00" hostname="agent-env-57a39386-0085-476f-af99-07692ba81ff7"><testcase classname="tests.test_bidblitz_refactored.TestHealthAndPublicEndpoints" name="test_health_check" time="0.081" /><testcase classname="tests.test_bidblitz_refactored.TestHealthAndPublicEndpoints" name="test_root_endpoint" time="0.036"><failure message="requests.exceptions.JSONDecodeError: Expecting value: line 1 column 1 (char 0)">/root/.venv/lib/python3.11/site-packages/requests/models.py:976: in json
    return complexjson.loads(self.text, **kwargs)
           ^^^^^^^^^^^^^^^^^^^^^^^^^^^^^^^^^^^^^^
/usr/local/lib/python3.11/json/__init__.py:346: in loads
    return _default_decoder.decode(s)
           ^^^^^^^^^^^^^^^^^^^^^^^^^^
/usr/local/lib/python3.11/json/decoder.py:337: in decode
    obj, end = self.raw_decode(s, idx=_w(s, 0).end())
               ^^^^^^^^^^^^^^^^^^^^^^^^^^^^^^^^^^^^^^
/usr/local/lib/python3.11/json/decoder.py:355: in raw_decode
    raise JSONDecodeError("Expecting value", s, err.value) from None
E   json.decoder.JSONDecodeError: Expecting value: line 1 column 1 (char 0)

During handling of the above exception, another exception occurred:
tests/test_bidblitz_refactored.py:34: in test_root_endpoint
    data = response.json()
           ^^^^^^^^^^^^^^^
/root/.venv/lib/python3.11/site-packages/requests/models.py:980: in json
    raise RequestsJSONDecodeError(e.msg, e.doc, e.pos)
E   requests.exceptions.JSONDecodeError: Expecting value: line 1 column 1 (char 0)</failure></testcase><testcase classname="tests.test_bidblitz_refactored.TestHealthAndPublicEndpoints" name="test_get_bid_packages" time="0.039" /><testcase classname="tests.test_bidblitz_refactored.TestHealthAndPublicEndpoints" name="test_get_products" time="0.039" /><testcase classname="tests.test_bidblitz_refactored.TestHealthAndPublicEndpoints" name="test_get_auctions" time="0.139" /><testcase classname="tests.test_bidblitz_refactored.TestHealthAndPublicEndpoints" name="test_get_active_auctions" time="0.037" /><testcase classname="tests.test_bidblitz_refactored.TestHealthAndPublicEndpoints" name="test_get_winners" time="0.046" /><testcase classname="tests.test_bidblitz_refactored.TestHealthAndPublicEndpoints" name="test_get_categories" time="0.034" /><testcase classname="tests.test_bidblitz_refactored.TestAuthentication" name="test_admin_login_success" time="0.268" /><testcase classname="tests.test_bidblitz_refactored.TestAuthentication" name="test_customer_login_success" time="0.304" /><testcase classname="tests.test_bidblitz_refactored.TestAuthentication" name="test_login_invalid_credentials" time="0.038" /><testcase classname="tests.test_bidblitz_refactored.TestAuthentication" name="test_get_current_user" time="0.315" /><testcase classname="tests.test_bidblitz_refactored.TestUserEndpoints" name="test_get_user_profile" time="0.366" /><testcase classname="tests.test_bidblitz_refactored.TestUserEndpoints" name="test_get_user_dashboard" time="0.323" /><testcase classname="tests.test_bidblitz_refactored.TestUserEndpoints" name="test_get_user_wishlist" time="0.298" /><testcase classname="tests.test_bidblitz_refactored.TestUserEndpoints" name="test_get_user_referrals" time="0.303" /><testcase classname="tests.test_bidblitz_refactored.TestUserEndpoints" name="test_unauthorized_access" time="0.033" /><testcase classname="tests.test_bidblitz_refactored.TestAdminEndpoints" name="test_get_admin_stats" time="0.369" /><testcase classname="tests.test_bidblitz_refactored.TestAdminEndpoints" name="test_admin_stats_requires_admin" time="0.295" /><testcase classname="tests.test_bidblitz_refactored.TestAdminEndpoints" name="test_get_admin_users" time="0.303" /><testcase classname="tests.test_bidblitz_refactored.TestAdminEndpoints" name="test_get_admin_transactions" time="0.299" /><testcase classname="tests.test_bidblitz_refactored.TestAdminEndpoints" name="test_get_admin_security_logs" time="0.300" /><testcase classname="tests.test_bidblitz_refactored.TestAdminEndpoints" name="test_get_email_stats" time="0.337" /><testcase classname="tests.test_bidblitz_refactored.TestAdminEndpoints" name="test_get_email_templates" time="0.299" /><testcase classname="tests.test_bidblitz_refactored.TestBotSeeding" name="test_seed_bots" time="0.324" /><testcase classname="tests.test_bidblitz_refactored.TestAuctionEndpoints" name="test_get_single_auction" time="0.179" /><testcase classname="tests.test_bidblitz_refactored.TestAuctionEndpoints" name="test_get_auction_bid_history" time="0.189" /><testcase classname="tests.test_bidblitz_refactored.TestAuctionEndpoints" name="test_auction_not_found" time="0.036" /><testcase classname="tests.test_bidblitz_refactored.TestPasswordReset" name="test_forgot_password" time="0.288" /></testsuite></testsuites>