<?xml version="1.0" encoding="utf-8"?><testsuites name="pytest tests"><testsuite name="pytest" errors="0" failures="1" skipped="0" tests="8" time="2.035" timestamp="2026-02-08T11:11:38.406902+00:00" hostname="agent-env-a8eab12d-5e21-4207-8358-2189de7d13cd"><testcase classname="backend.tests.test_wholesale_translations.TestWholesaleAPI" name="test_get_wholesale_applications" time="0.339" /><testcase classname="backend.tests.test_wholesale_translations.TestWholesaleAPI" name="test_get_wholesale_customers" time="0.300" /><testcase classname="backend.tests.test_wholesale_translations.TestWholesaleAPI" name="test_wholesale_apply_and_approve_without_user" time="0.359" /><testcase classname="backend.tests.test_wholesale_translations.TestMaintenanceAPI" name="test_maintenance_status_public" time="0.293" /><testcase classname="backend.tests.test_wholesale_translations.TestMaintenanceAPI" name="test_maintenance_toggle_enable" time="0.329" /><testcase classname="backend.tests.test_wholesale_translations.TestMaintenanceAPI" name="test_maintenance_toggle_disable" time="0.332" /><testcase classname="backend.tests.test_wholesale_translations.TestTranslations" name="test_translation_keys_in_file" time="0.008" /><testcase classname="backend.tests.test_wholesale_translations.TestTranslations" name="test_all_languages_have_uvp" time="0.002"><failure message="AssertionError: Languages missing uvp key: ['ar', 'ko', 'hi', 'da', 'fi']&#10;assert 5 == 0&#10; +  where 5 = len(['ar', 'ko', 'hi', 'da', 'fi'])">backend/tests/test_wholesale_translations.py:229: in test_all_languages_have_uvp
    assert len(missing_uvp) == 0, f"Languages missing uvp key: {missing_uvp}"
E   AssertionError: Languages missing uvp key: ['ar', 'ko', 'hi', 'da', 'fi']
E   assert 5 == 0
E    +  where 5 = len(['ar', 'ko', 'hi', 'da', 'fi'])</failure></testcase></testsuite></testsuites>