<?xml version="1.0" encoding="utf-8"?><testsuites name="pytest tests"><testsuite name="pytest" errors="0" failures="0" skipped="0" tests="6" time="3.770" timestamp="2026-02-22T23:39:24.009908+00:00" hostname="agent-env-cd559e82-eaed-40a9-b2a3-a3a8481d883a"><testcase classname="tests.test_staff_login.TestStaffLogin" name="test_staff_login_with_staff_number" time="0.773" /><testcase classname="tests.test_staff_login.TestStaffLogin" name="test_staff_login_with_uppercase_staff_number" time="0.708" /><testcase classname="tests.test_staff_login.TestStaffLogin" name="test_staff_login_invalid_password" time="0.259" /><testcase classname="tests.test_staff_login.TestStaffLogin" name="test_staff_login_invalid_staff_number" time="0.453" /><testcase classname="tests.test_staff_login.TestStaffLogin" name="test_staff_login_response_structure" time="1.079" /><testcase classname="tests.test_staff_login.TestEnterpriseLogin" name="test_enterprise_login" time="0.443" /></testsuite></testsuites>