<?xml version="1.0" encoding="utf-8"?><testsuites name="pytest tests"><testsuite name="pytest" errors="0" failures="0" skipped="0" tests="10" time="14.654" timestamp="2026-02-26T07:06:12.035434+00:00" hostname="agent-env-88156085-fd71-4dbe-926a-e775fb8e5713"><testcase classname="backend.tests.test_bnpl_p1p2_features.TestBackendHealth" name="test_backend_health" time="2.693" /><testcase classname="backend.tests.test_bnpl_p1p2_features.TestBackendHealth" name="test_auctions_endpoint" time="2.766" /><testcase classname="backend.tests.test_bnpl_p1p2_features.TestBNPLAPIs" name="test_bnpl_calculate_endpoint" time="0.123" /><testcase classname="backend.tests.test_bnpl_p1p2_features.TestBNPLAPIs" name="test_bnpl_eligibility_endpoint" time="1.498" /><testcase classname="backend.tests.test_bnpl_p1p2_features.TestBNPLAPIs" name="test_bnpl_my_plans_endpoint" time="0.995" /><testcase classname="backend.tests.test_bnpl_p1p2_features.TestBNPLAPIs" name="test_admin_bnpl_overview" time="1.315" /><testcase classname="backend.tests.test_bnpl_p1p2_features.TestBNPLAPIs" name="test_admin_send_reminder_endpoint" time="2.142" /><testcase classname="backend.tests.test_bnpl_p1p2_features.TestWonAuctionsAPI" name="test_won_auctions_list" time="0.895" /><testcase classname="backend.tests.test_bnpl_p1p2_features.TestDashboardAPI" name="test_user_profile" time="1.018" /><testcase classname="backend.tests.test_bnpl_p1p2_features.TestDashboardAPI" name="test_user_bid_history" time="1.136" /></testsuite></testsuites>