<?xml version="1.0" encoding="utf-8"?><testsuites name="pytest tests"><testsuite name="pytest" errors="0" failures="2" skipped="0" tests="21" time="8.903" timestamp="2026-03-07T08:31:32.045280+00:00" hostname="agent-env-69e304a9-c880-4468-9ae3-dcb62db14a16"><testcase classname="backend.tests.test_mining_features.TestFriendsSystem" name="test_get_friends_list" time="0.883" /><testcase classname="backend.tests.test_mining_features.TestFriendsSystem" name="test_add_friend" time="0.231" /><testcase classname="backend.tests.test_mining_features.TestFriendsSystem" name="test_send_coins_to_friend" time="0.472" /><testcase classname="backend.tests.test_mining_features.TestEventsSystem" name="test_get_events_list" time="0.099" /><testcase classname="backend.tests.test_mining_features.TestEventsSystem" name="test_join_event" time="0.346" /><testcase classname="backend.tests.test_mining_features.TestStoreSystem" name="test_buy_store_item" time="0.706" /><testcase classname="backend.tests.test_mining_features.TestLoanSystem" name="test_get_active_loans" time="0.219" /><testcase classname="backend.tests.test_mining_features.TestLoanSystem" name="test_request_loan" time="0.885"><failure message="AssertionError: assert 'loan' in {'amount': 100, 'loan_id': '69abe26790baad0093c68744', 'message': 'Kredit von 100 Coins genehmigt!', 'new_balance': 419, ...}">backend/tests/test_mining_features.py:123: in test_request_loan
    assert "loan" in data
E   AssertionError: assert 'loan' in {'amount': 100, 'loan_id': '69abe26790baad0093c68744', 'message': 'Kredit von 100 Coins genehmigt!', 'new_balance': 419, ...}</failure></testcase><testcase classname="backend.tests.test_mining_features.TestLoanSystem" name="test_repay_loan" time="0.587" /><testcase classname="backend.tests.test_mining_features.TestVIPSystem" name="test_get_vip_status" time="0.221" /><testcase classname="backend.tests.test_mining_features.TestVIPSystem" name="test_vip_upgrade" time="0.228"><failure message="assert 400 == 200&#10; +  where 400 = &lt;Response [400]&gt;.status_code">backend/tests/test_mining_features.py:154: in test_vip_upgrade
    assert response.status_code == 200
E   assert 400 == 200
E    +  where 400 = &lt;Response [400]&gt;.status_code</failure></testcase><testcase classname="backend.tests.test_mining_features.TestAuctionSystem" name="test_get_active_auctions" time="0.125" /><testcase classname="backend.tests.test_mining_features.TestAuctionSystem" name="test_place_auction_bid" time="0.613" /><testcase classname="backend.tests.test_mining_features.TestCoinHuntSystem" name="test_collect_coin" time="0.701" /><testcase classname="backend.tests.test_mining_features.TestCoinHuntSystem" name="test_get_collected_coins" time="0.237" /><testcase classname="backend.tests.test_mining_features.TestMerchantSystem" name="test_get_merchant_status" time="0.351" /><testcase classname="backend.tests.test_mining_features.TestMerchantSystem" name="test_merchant_receive_payment" time="0.594" /><testcase classname="backend.tests.test_mining_features.TestMarketplaceSystem" name="test_create_marketplace_listing" time="0.237" /><testcase classname="backend.tests.test_mining_features.TestGamesSystem" name="test_play_game" time="0.590" /><testcase classname="backend.tests.test_mining_features.TestGamesSystem" name="test_get_games_history" time="0.236" /><testcase classname="backend.tests.test_mining_features.TestWalletSystem" name="test_get_wallet_balance" time="0.218" /></testsuite></testsuites>