<?xml version="1.0" encoding="utf-8"?><testsuites name="pytest tests"><testsuite name="pytest" errors="0" failures="0" skipped="0" tests="14" time="6.750" timestamp="2026-03-10T11:26:16.131671+00:00" hostname="agent-env-aa689139-f73a-4954-90ad-0f480b1a063a"><testcase classname="backend.tests.test_games_api.TestGamesAPI" name="test_get_all_games" time="0.320" /><testcase classname="backend.tests.test_games_api.TestGamesAPI" name="test_get_games_by_category_puzzle" time="0.263" /><testcase classname="backend.tests.test_games_api.TestGamesAPI" name="test_get_games_by_category_arcade" time="0.277" /><testcase classname="backend.tests.test_games_api.TestGamesAPI" name="test_get_games_by_category_3d" time="0.226" /><testcase classname="backend.tests.test_games_api.TestCategoriesAPI" name="test_get_categories" time="0.719" /><testcase classname="backend.tests.test_games_api.TestScoreSubmission" name="test_submit_score_success" time="0.886" /><testcase classname="backend.tests.test_games_api.TestScoreSubmission" name="test_submit_score_by_slug" time="0.598" /><testcase classname="backend.tests.test_games_api.TestScoreSubmission" name="test_submit_score_invalid_game" time="0.246" /><testcase classname="backend.tests.test_games_api.TestLeaderboard" name="test_get_global_leaderboard" time="0.234" /><testcase classname="backend.tests.test_games_api.TestLeaderboard" name="test_get_game_leaderboard" time="0.512" /><testcase classname="backend.tests.test_games_api.TestGameStats" name="test_get_game_stats" time="1.111" /><testcase classname="backend.tests.test_games_api.TestGameCRUD" name="test_create_and_get_game" time="0.814" /><testcase classname="backend.tests.test_games_api.TestGameCRUD" name="test_get_game_by_slug" time="0.228" /><testcase classname="backend.tests.test_games_api.TestGameCRUD" name="test_get_nonexistent_game" time="0.228" /></testsuite></testsuites>