<?xml version="1.0" encoding="utf-8"?><testsuites name="pytest tests"><testsuite name="pytest" errors="0" failures="0" skipped="1" tests="15" time="19.702" timestamp="2026-02-18T04:19:16.980734+00:00" hostname="agent-env-2a6a3b2c-c946-457b-90ac-2212d5ee8d18"><testcase classname="tests.test_security_api.TestSecurityAPI" name="test_get_security_settings" time="1.446" /><testcase classname="tests.test_security_api.TestSecurityAPI" name="test_update_security_settings_transaction_notifications" time="2.112" /><testcase classname="tests.test_security_api.TestSecurityAPI" name="test_update_security_settings_login_notifications" time="1.142" /><testcase classname="tests.test_security_api.TestSecurityAPI" name="test_update_security_settings_max_transaction_amount" time="1.566" /><testcase classname="tests.test_security_api.TestSecurityAPI" name="test_get_biometric_credentials" time="1.162" /><testcase classname="tests.test_security_api.TestSecurityAPI" name="test_register_biometric_credential" time="1.292" /><testcase classname="tests.test_security_api.TestSecurityAPI" name="test_delete_biometric_credential" time="1.602" /><testcase classname="tests.test_security_api.TestSecurityAPI" name="test_verify_transaction_normal" time="1.541" /><testcase classname="tests.test_security_api.TestSecurityAPI" name="test_verify_transaction_high_amount" time="1.503" /><testcase classname="tests.test_security_api.TestSecurityAPI" name="test_verify_transaction_with_device_id" time="1.619" /><testcase classname="tests.test_security_api.TestSecurityAPI" name="test_log_security_activity" time="1.127" /><testcase classname="tests.test_security_api.TestSecurityAPI" name="test_get_activity_log" time="1.179" /><testcase classname="tests.test_security_api.TestSecurityAPI" name="test_get_fraud_alerts" time="1.010" /><testcase classname="tests.test_security_api.TestSecurityAPI" name="test_report_suspicious_activity" time="1.171" /><testcase classname="tests.test_security_api.TestSecurityAPIWithPartnerAccount" name="test_partner_get_security_settings" time="0.142"><skipped type="pytest.skip" message="Partner authentication failed: 404">/app/backend/tests/test_security_api.py:353: Partner authentication failed: 404</skipped></testcase></testsuite></testsuites>