<?xml version="1.0" encoding="utf-8"?><testsuites name="pytest tests"><testsuite name="pytest" errors="0" failures="1" skipped="1" tests="22" time="5.690" timestamp="2026-01-18T00:26:45.476014+00:00" hostname="agent-env-fc6a04a0-0c1c-45ff-99a9-b4159f001185"><testcase classname="tests.test_full_features.TestAuthenticationFlow" name="test_admin_login" time="0.322" /><testcase classname="tests.test_full_features.TestAuthenticationFlow" name="test_customer_login" time="0.269" /><testcase classname="tests.test_full_features.TestAuthenticationFlow" name="test_login_invalid_credentials" time="0.049" /><testcase classname="tests.test_full_features.TestAuthenticationFlow" name="test_registration_with_referral_code" time="0.268" /><testcase classname="tests.test_full_features.TestBidPackages" name="test_get_bid_packages" time="0.042" /><testcase classname="tests.test_full_features.TestBidPackages" name="test_checkout_session_creation" time="0.785"><failure message="AssertionError: Checkout creation failed: Internal Server Error&#10;assert 520 == 200&#10; +  where 520 = &lt;Response [520]&gt;.status_code">tests/test_full_features.py:122: in test_checkout_session_creation
    assert response.status_code == 200, f"Checkout creation failed: {response.text}"
E   AssertionError: Checkout creation failed: Internal Server Error
E   assert 520 == 200
E    +  where 520 = &lt;Response [520]&gt;.status_code</failure></testcase><testcase classname="tests.test_full_features.TestAuctions" name="test_get_auctions_list" time="0.052" /><testcase classname="tests.test_full_features.TestAuctions" name="test_get_active_auctions" time="0.044" /><testcase classname="tests.test_full_features.TestAuctions" name="test_get_auction_detail" time="0.081" /><testcase classname="tests.test_full_features.TestAuctions" name="test_place_bid" time="0.303"><skipped type="pytest.skip" message="No active auctions for bid testing">/app/tests/test_full_features.py:181: No active auctions for bid testing</skipped></testcase><testcase classname="tests.test_full_features.TestAdminPanel" name="test_admin_stats" time="0.299" /><testcase classname="tests.test_full_features.TestAdminPanel" name="test_admin_detailed_stats" time="0.333" /><testcase classname="tests.test_full_features.TestAdminPanel" name="test_admin_users_list" time="0.299" /><testcase classname="tests.test_full_features.TestAdminPanel" name="test_admin_vouchers" time="0.342" /><testcase classname="tests.test_full_features.TestAdminPanel" name="test_admin_bots" time="0.296" /><testcase classname="tests.test_full_features.TestAdminPanel" name="test_admin_payments" time="0.314" /><testcase classname="tests.test_full_features.TestAdminPanel" name="test_admin_logs" time="0.300" /><testcase classname="tests.test_full_features.TestAffiliateProgram" name="test_affiliate_registration" time="0.375" /><testcase classname="tests.test_full_features.TestUserReferrals" name="test_user_referrals_endpoint" time="0.315" /><testcase classname="tests.test_full_features.TestPasswordReset" name="test_forgot_password" time="0.207" /><testcase classname="tests.test_full_features.TestPasswordReset" name="test_verify_reset_code" time="0.257" /><testcase classname="tests.test_full_features.TestProducts" name="test_get_products" time="0.038" /></testsuite></testsuites>