<?xml version="1.0" encoding="utf-8"?><testsuites name="pytest tests"><testsuite name="pytest" errors="0" failures="0" skipped="0" tests="6" time="5.738" timestamp="2026-02-01T00:17:42.850298+00:00" hostname="agent-env-655fdac7-0cb8-4ab3-85b2-b402ac3b7593"><testcase classname="tests.test_voice_translation.TestVoiceCommandTranslation" name="test_translate_products_command_german" time="3.008" /><testcase classname="tests.test_voice_translation.TestVoiceCommandTranslation" name="test_translate_site_command" time="1.340" /><testcase classname="tests.test_voice_translation.TestVoiceCommandTranslation" name="test_translate_other_language_command" time="1.173" /><testcase classname="tests.test_voice_translation.TestProductsTranslations" name="test_products_have_name_translations" time="0.066" /><testcase classname="tests.test_voice_translation.TestProductsTranslations" name="test_products_have_description_translations" time="0.048" /><testcase classname="tests.test_voice_translation.TestProductsTranslations" name="test_translation_content_not_empty" time="0.040" /></testsuite></testsuites>