<?xml version="1.0" encoding="utf-8"?><testsuites name="pytest tests"><testsuite name="pytest" errors="0" failures="0" skipped="0" tests="8" time="14.111" timestamp="2026-02-18T11:45:50.361252+00:00" hostname="agent-env-b4c41e81-a2f6-48ce-babc-1de1df304395"><testcase classname="backend.tests.test_partner_lock.TestPartnerLockFeature" name="test_get_all_partners_returns_lock_fields" time="1.283" /><testcase classname="backend.tests.test_partner_lock.TestPartnerLockFeature" name="test_lock_partner_success" time="1.785" /><testcase classname="backend.tests.test_partner_lock.TestPartnerLockFeature" name="test_locked_partner_in_all_partners" time="2.088" /><testcase classname="backend.tests.test_partner_lock.TestPartnerLockFeature" name="test_locked_partner_cannot_login" time="1.983" /><testcase classname="backend.tests.test_partner_lock.TestPartnerLockFeature" name="test_unlock_partner_success" time="1.848" /><testcase classname="backend.tests.test_partner_lock.TestPartnerLockFeature" name="test_unlocked_partner_can_login" time="2.236" /><testcase classname="backend.tests.test_partner_lock.TestPartnerLockFeature" name="test_lock_nonexistent_partner" time="1.095" /><testcase classname="backend.tests.test_partner_lock.TestPartnerLockFeature" name="test_lock_toggle_behavior" time="1.731" /></testsuite></testsuites>