<?xml version="1.0" encoding="utf-8"?><testsuites name="pytest tests"><testsuite name="pytest" errors="0" failures="0" skipped="0" tests="21" time="11.393" timestamp="2026-02-25T20:42:17.277211+00:00" hostname="agent-env-72207dc7-e2d9-428f-b2a6-b9ce851a1bef"><testcase classname="backend.tests.test_loyalty_merchant_features.TestCustomerLoyaltyAPIs" name="test_loyalty_status_endpoint" time="1.390" /><testcase classname="backend.tests.test_loyalty_merchant_features.TestCustomerLoyaltyAPIs" name="test_loyalty_status_without_auth" time="0.274" /><testcase classname="backend.tests.test_loyalty_merchant_features.TestCustomerLoyaltyAPIs" name="test_points_history_endpoint" time="0.492" /><testcase classname="backend.tests.test_loyalty_merchant_features.TestCustomerLoyaltyAPIs" name="test_referral_info_endpoint" time="0.530" /><testcase classname="backend.tests.test_loyalty_merchant_features.TestCustomerLoyaltyAPIs" name="test_cashback_history_endpoint" time="0.434" /><testcase classname="backend.tests.test_loyalty_merchant_features.TestCustomerLoyaltyAPIs" name="test_wallet_card_endpoint" time="0.424" /><testcase classname="backend.tests.test_loyalty_merchant_features.TestMerchantAPIs" name="test_merchant_login" time="0.773" /><testcase classname="backend.tests.test_loyalty_merchant_features.TestMerchantAPIs" name="test_merchant_dashboard" time="1.366" /><testcase classname="backend.tests.test_loyalty_merchant_features.TestMerchantAPIs" name="test_merchant_dashboard_without_auth" time="0.136" /><testcase classname="backend.tests.test_loyalty_merchant_features.TestMerchantAPIs" name="test_merchant_products_list" time="0.376" /><testcase classname="backend.tests.test_loyalty_merchant_features.TestMerchantAPIs" name="test_merchant_create_product" time="0.437" /><testcase classname="backend.tests.test_loyalty_merchant_features.TestMerchantAPIs" name="test_merchant_coupons_list" time="0.469" /><testcase classname="backend.tests.test_loyalty_merchant_features.TestMerchantAPIs" name="test_merchant_create_coupon" time="0.374" /><testcase classname="backend.tests.test_loyalty_merchant_features.TestMerchantAPIs" name="test_merchant_profile" time="0.411" /><testcase classname="backend.tests.test_loyalty_merchant_features.TestMerchantAPIs" name="test_merchant_commissions" time="0.382" /><testcase classname="backend.tests.test_loyalty_merchant_features.TestMerchantAPIs" name="test_merchant_staff_list" time="0.372" /><testcase classname="backend.tests.test_loyalty_merchant_features.TestPublicMerchantAPIs" name="test_public_merchant_finder" time="0.239" /><testcase classname="backend.tests.test_loyalty_merchant_features.TestPublicMerchantAPIs" name="test_public_merchant_finder_with_city" time="0.414" /><testcase classname="backend.tests.test_loyalty_merchant_features.TestPublicMerchantAPIs" name="test_public_merchant_finder_with_coordinates" time="0.297" /><testcase classname="backend.tests.test_loyalty_merchant_features.TestVIPTierSystem" name="test_all_tiers_info_in_status" time="1.349" /><testcase classname="backend.tests.test_loyalty_merchant_features.TestVIPTierSystem" name="test_next_tier_progression" time="0.344" /></testsuite></testsuites>