<?xml version="1.0" encoding="utf-8"?><testsuites name="pytest tests"><testsuite name="pytest" errors="0" failures="1" skipped="2" tests="12" time="15.197" timestamp="2026-02-25T11:37:32.484237+00:00" hostname="agent-env-91d2cc13-b11b-45e8-9d22-ba72964531e2"><testcase classname="backend.tests.test_customer_qr_payment.TestCustomerQRPaymentFlow" name="test_01_customer_login" time="1.701" /><testcase classname="backend.tests.test_customer_qr_payment.TestCustomerQRPaymentFlow" name="test_02_get_customer_balance" time="1.337" /><testcase classname="backend.tests.test_customer_qr_payment.TestCustomerQRPaymentFlow" name="test_03_generate_customer_qr" time="1.270" /><testcase classname="backend.tests.test_customer_qr_payment.TestCustomerQRPaymentFlow" name="test_04_pos_payment_with_compact_qr_format" time="2.647" /><testcase classname="backend.tests.test_customer_qr_payment.TestCustomerQRPaymentFlow" name="test_05_token_reuse_prevention" time="1.559" /><testcase classname="backend.tests.test_customer_qr_payment.TestCustomerQRPaymentFlow" name="test_06_generate_new_qr_for_direct_token_test" time="1.220" /><testcase classname="backend.tests.test_customer_qr_payment.TestCustomerQRPaymentFlow" name="test_07_pos_payment_with_direct_token" time="3.075" /><testcase classname="backend.tests.test_customer_qr_payment.TestCustomerQRPaymentFlow" name="test_08_verify_balance_deduction" time="1.334" /><testcase classname="backend.tests.test_customer_qr_payment.TestQRCodeFormats" name="test_01_bidblitz_v1_format" time="0.111"><skipped type="pytest.skip" message="Staff login failed">/app/backend/tests/test_customer_qr_payment.py:360: Staff login failed</skipped></testcase><testcase classname="backend.tests.test_customer_qr_payment.TestQRCodeFormats" name="test_02_invalid_qr_format" time="0.125"><skipped type="pytest.skip" message="Staff login failed">/app/backend/tests/test_customer_qr_payment.py:394: Staff login failed</skipped></testcase><testcase classname="backend.tests.test_customer_qr_payment.TestStaffPOSPaymentTab" name="test_01_staff_login" time="0.494" /><testcase classname="backend.tests.test_customer_qr_payment.TestStaffPOSPaymentTab" name="test_02_pos_payment_endpoint_exists" time="0.227"><failure message="AssertionError: POS payment endpoint not found&#10;assert 404 != 404&#10; +  where 404 = &lt;Response [404]&gt;.status_code">backend/tests/test_customer_qr_payment.py:458: in test_02_pos_payment_endpoint_exists
    assert response.status_code != 404, "POS payment endpoint not found"
E   AssertionError: POS payment endpoint not found
E   assert 404 != 404
E    +  where 404 = &lt;Response [404]&gt;.status_code</failure></testcase></testsuite></testsuites>