<?xml version="1.0" encoding="utf-8"?><testsuites name="pytest tests"><testsuite name="pytest" errors="0" failures="0" skipped="0" tests="28" time="3.649" timestamp="2026-02-02T19:16:38.194879+00:00" hostname="agent-env-3d5d6a8c-9adb-4326-85f7-19ebbd60e30a"><testcase classname="backend.tests.test_engagement_features.TestFavoritesAPI" name="test_get_my_favorites" time="0.324" /><testcase classname="backend.tests.test_engagement_features.TestFavoritesAPI" name="test_add_favorite_category" time="0.038" /><testcase classname="backend.tests.test_engagement_features.TestFavoritesAPI" name="test_add_favorite_requires_auth" time="0.038" /><testcase classname="backend.tests.test_engagement_features.TestFavoritesAPI" name="test_get_live_alerts" time="0.038" /><testcase classname="backend.tests.test_engagement_features.TestTeamsAPI" name="test_get_team_leaderboard" time="0.037" /><testcase classname="backend.tests.test_engagement_features.TestTeamsAPI" name="test_get_my_team" time="0.304" /><testcase classname="backend.tests.test_engagement_features.TestTeamsAPI" name="test_create_team" time="0.081" /><testcase classname="backend.tests.test_engagement_features.TestTeamsAPI" name="test_create_team_requires_auth" time="0.032" /><testcase classname="backend.tests.test_engagement_features.TestBidRefundAPI" name="test_get_refund_stats" time="0.333" /><testcase classname="backend.tests.test_engagement_features.TestBidRefundAPI" name="test_get_my_refunds" time="0.041" /><testcase classname="backend.tests.test_engagement_features.TestAuctionReplayAPI" name="test_get_best_times" time="0.035" /><testcase classname="backend.tests.test_engagement_features.TestFlashCouponsAPI" name="test_get_active_coupons" time="0.294" /><testcase classname="backend.tests.test_engagement_features.TestFlashCouponsAPI" name="test_get_my_coupons" time="0.077" /><testcase classname="backend.tests.test_engagement_features.TestVIPLoungeAPI" name="test_check_vip_access" time="0.302" /><testcase classname="backend.tests.test_engagement_features.TestVIPLoungeAPI" name="test_get_lounge_messages" time="0.036" /><testcase classname="backend.tests.test_engagement_features.TestBirthdayAPI" name="test_get_birthday_status" time="0.291" /><testcase classname="backend.tests.test_engagement_features.TestBirthdayAPI" name="test_set_birthday" time="0.039" /><testcase classname="backend.tests.test_engagement_features.TestBirthdayAPI" name="test_birthday_requires_auth" time="0.038" /><testcase classname="backend.tests.test_engagement_features.TestInsuranceAPI" name="test_get_insurance_stats" time="0.302" /><testcase classname="backend.tests.test_engagement_features.TestInsuranceAPI" name="test_get_my_insurance" time="0.044" /><testcase classname="backend.tests.test_engagement_features.TestWishlistAPI" name="test_get_top_wishes" time="0.040" /><testcase classname="backend.tests.test_engagement_features.TestWishlistAPI" name="test_suggest_product" time="0.297" /><testcase classname="backend.tests.test_engagement_features.TestWishlistAPI" name="test_get_categories" time="0.033" /><testcase classname="backend.tests.test_engagement_features.TestWishlistAPI" name="test_get_my_wishes" time="0.079" /><testcase classname="backend.tests.test_engagement_features.TestStreakProtectionAPI" name="test_get_streak_status" time="0.305" /><testcase classname="backend.tests.test_engagement_features.TestStreakProtectionAPI" name="test_get_claimed_rewards" time="0.038" /><testcase classname="backend.tests.test_engagement_features.TestStreakProtectionAPI" name="test_get_protection_history" time="0.036" /><testcase classname="backend.tests.test_engagement_features.TestStreakProtectionAPI" name="test_streak_requires_auth" time="0.035" /></testsuite></testsuites>