<?xml version="1.0" encoding="utf-8"?><testsuites name="pytest tests"><testsuite name="pytest" errors="0" failures="0" skipped="0" tests="15" time="3.410" timestamp="2026-02-08T13:07:12.030368+00:00" hostname="agent-env-a8eab12d-5e21-4207-8358-2189de7d13cd"><testcase classname="backend.tests.test_b2b_wholesale_auth.TestB2BWholesaleAuth" name="test_b2b_login_success" time="0.284" /><testcase classname="backend.tests.test_b2b_wholesale_auth.TestB2BWholesaleAuth" name="test_b2b_login_wrong_password" time="0.257" /><testcase classname="backend.tests.test_b2b_wholesale_auth.TestB2BWholesaleAuth" name="test_b2b_login_nonexistent_email" time="0.036" /><testcase classname="backend.tests.test_b2b_wholesale_auth.TestB2BWholesaleAuth" name="test_b2b_profile_with_valid_token" time="0.294" /><testcase classname="backend.tests.test_b2b_wholesale_auth.TestB2BWholesaleAuth" name="test_b2b_profile_without_token" time="0.033" /><testcase classname="backend.tests.test_b2b_wholesale_auth.TestB2BWholesaleAuth" name="test_b2b_profile_with_invalid_token" time="0.035" /><testcase classname="backend.tests.test_b2b_wholesale_auth.TestB2BWholesaleAuth" name="test_b2b_pricing_endpoint" time="0.292" /><testcase classname="backend.tests.test_b2b_wholesale_auth.TestB2BWholesaleAuth" name="test_b2b_orders_endpoint" time="0.303" /><testcase classname="backend.tests.test_b2b_wholesale_auth.TestB2BRegistration" name="test_b2b_registration_new_customer" time="0.257" /><testcase classname="backend.tests.test_b2b_wholesale_auth.TestB2BRegistration" name="test_b2b_registration_duplicate_email" time="0.034" /><testcase classname="backend.tests.test_b2b_wholesale_auth.TestB2BRegistration" name="test_b2b_registration_weak_password" time="0.034" /><testcase classname="backend.tests.test_b2b_wholesale_auth.TestB2BRegistration" name="test_b2b_registration_pending_cannot_login" time="0.521" /><testcase classname="backend.tests.test_b2b_wholesale_auth.TestAdminWholesaleApproval" name="test_admin_get_wholesale_applications" time="0.298" /><testcase classname="backend.tests.test_b2b_wholesale_auth.TestAdminWholesaleApproval" name="test_admin_get_wholesale_customers" time="0.295" /><testcase classname="backend.tests.test_b2b_wholesale_auth.TestB2BDashboardFlow" name="test_full_b2b_login_and_dashboard_flow" time="0.361" /></testsuite></testsuites>