<?xml version="1.0" encoding="utf-8"?><testsuites name="pytest tests"><testsuite name="pytest" errors="0" failures="1" skipped="0" tests="15" time="6.720" timestamp="2026-02-20T11:44:39.188958+00:00" hostname="agent-env-bee72a3e-831c-47db-b491-3a0d2f483bc9"><testcase classname="backend.tests.test_sepa_payouts.TestSEPAPayoutAdminAPIs" name="test_get_pending_payouts" time="0.738" /><testcase classname="backend.tests.test_sepa_payouts.TestSEPAPayoutAdminAPIs" name="test_get_pending_payouts_invalid_admin_key" time="0.107" /><testcase classname="backend.tests.test_sepa_payouts.TestSEPAPayoutAdminAPIs" name="test_create_payout_no_iban" time="0.255" /><testcase classname="backend.tests.test_sepa_payouts.TestSEPAPayoutAdminAPIs" name="test_create_payout_with_valid_enterprise" time="0.775" /><testcase classname="backend.tests.test_sepa_payouts.TestSEPAPayoutAdminAPIs" name="test_process_payout" time="0.833" /><testcase classname="backend.tests.test_sepa_payouts.TestSEPAPayoutAdminAPIs" name="test_process_payout_not_found" time="0.221" /><testcase classname="backend.tests.test_sepa_payouts.TestSEPAPayoutAdminAPIs" name="test_get_payout_history" time="0.247" /><testcase classname="backend.tests.test_sepa_payouts.TestSEPAPayoutAdminAPIs" name="test_get_payout_history_with_filters" time="0.224" /><testcase classname="backend.tests.test_sepa_payouts.TestSEPAPayoutAdminAPIs" name="test_batch_process_payouts" time="0.558" /><testcase classname="backend.tests.test_sepa_payouts.TestEnterprisePayoutAPIs" name="test_get_my_pending_payout" time="0.563"><failure message="AssertionError: Expected 200, got 401: {&quot;detail&quot;:&quot;Ungültiger Token&quot;}&#10;assert 401 == 200&#10; +  where 401 = &lt;Response [401]&gt;.status_code">backend/tests/test_sepa_payouts.py:263: in test_get_my_pending_payout
    assert response.status_code == 200, f"Expected 200, got {response.status_code}: {response.text}"
E   AssertionError: Expected 200, got 401: {"detail":"Ungültiger Token"}
E   assert 401 == 200
E    +  where 401 = &lt;Response [401]&gt;.status_code</failure></testcase><testcase classname="backend.tests.test_sepa_payouts.TestEnterprisePayoutAPIs" name="test_get_my_pending_payout_invalid_token" time="0.261" /><testcase classname="backend.tests.test_sepa_payouts.TestPayoutSettingsIntegration" name="test_payout_frequency_settings" time="0.592" /><testcase classname="backend.tests.test_sepa_payouts.TestPayoutSettingsIntegration" name="test_pending_payouts_reflect_settings" time="0.577" /><testcase classname="backend.tests.test_sepa_payouts.TestPayoutDataValidation" name="test_create_payout_validates_amount" time="0.440" /><testcase classname="backend.tests.test_sepa_payouts.TestPayoutDataValidation" name="test_payout_history_sorted_by_date" time="0.230" /></testsuite></testsuites>