<?xml version="1.0" encoding="utf-8"?><testsuites name="pytest tests"><testsuite name="pytest" errors="0" failures="0" skipped="0" tests="25" time="1.405" timestamp="2026-02-02T11:09:21.039494+00:00" hostname="agent-env-797dc9ec-0954-4987-a6b7-43861c8c84ed"><testcase classname="backend.tests.test_new_features_v4.TestSubscriptionsAPI" name="test_get_subscription_plans" time="0.077" /><testcase classname="backend.tests.test_new_features_v4.TestSubscriptionsAPI" name="test_get_my_subscription_authenticated" time="0.247" /><testcase classname="backend.tests.test_new_features_v4.TestSubscriptionsAPI" name="test_get_my_subscription_unauthenticated" time="0.009" /><testcase classname="backend.tests.test_new_features_v4.TestSubscriptionsAPI" name="test_get_vip_plus_status" time="0.011" /><testcase classname="backend.tests.test_new_features_v4.TestChallengesAPI" name="test_get_active_challenges" time="0.060" /><testcase classname="backend.tests.test_new_features_v4.TestChallengesAPI" name="test_get_active_challenges_unauthenticated" time="0.009" /><testcase classname="backend.tests.test_new_features_v4.TestChallengesAPI" name="test_claim_challenge_not_completed" time="0.078" /><testcase classname="backend.tests.test_new_features_v4.TestChallengesAPI" name="test_claim_invalid_challenge" time="0.010" /><testcase classname="backend.tests.test_new_features_v4.TestChallengesAPI" name="test_get_challenge_history" time="0.051" /><testcase classname="backend.tests.test_new_features_v4.TestEventsAPI" name="test_get_upcoming_events" time="0.010" /><testcase classname="backend.tests.test_new_features_v4.TestEventsAPI" name="test_get_active_flash_auctions" time="0.009" /><testcase classname="backend.tests.test_new_features_v4.TestEventsAPI" name="test_subscribe_to_event_unauthenticated" time="0.049" /><testcase classname="backend.tests.test_new_features_v4.TestEventsAPI" name="test_subscribe_to_invalid_event" time="0.010" /><testcase classname="backend.tests.test_new_features_v4.TestWinnerGalleryAPI" name="test_get_gallery_feed" time="0.052" /><testcase classname="backend.tests.test_new_features_v4.TestWinnerGalleryAPI" name="test_get_gallery_feed_with_params" time="0.051" /><testcase classname="backend.tests.test_new_features_v4.TestWinnerGalleryAPI" name="test_get_my_submissions_authenticated" time="0.011" /><testcase classname="backend.tests.test_new_features_v4.TestWinnerGalleryAPI" name="test_get_my_submissions_unauthenticated" time="0.007" /><testcase classname="backend.tests.test_new_features_v4.TestWinnerGalleryAPI" name="test_upload_photo_without_winning" time="0.051" /><testcase classname="backend.tests.test_new_features_v4.TestWinnerGalleryAPI" name="test_get_invalid_gallery_entry" time="0.009" /><testcase classname="backend.tests.test_new_features_v4.TestWinnerGalleryAPI" name="test_like_gallery_entry_unauthenticated" time="0.049" /><testcase classname="backend.tests.test_new_features_v4.TestAdminEndpoints" name="test_challenges_admin_stats" time="0.253" /><testcase classname="backend.tests.test_new_features_v4.TestAdminEndpoints" name="test_events_admin_stats" time="0.012" /><testcase classname="backend.tests.test_new_features_v4.TestAdminEndpoints" name="test_gallery_admin_stats" time="0.051" /><testcase classname="backend.tests.test_new_features_v4.TestAdminEndpoints" name="test_subscriptions_admin_stats" time="0.010" /><testcase classname="backend.tests.test_new_features_v4.TestAdminEndpoints" name="test_admin_stats_require_admin" time="0.116" /></testsuite></testsuites>